#
# There is insufficient memory for the Java Runtime Environment to continue.
# Native memory allocation (mmap) failed to map 65536 bytes for Failed to commit metaspace.
# Possible reasons:
#   The system is out of physical RAM or swap space
#   The process is running with CompressedOops enabled, and the Java Heap may be blocking the growth of the native heap
# Possible solutions:
#   Reduce memory load on the system
#   Increase physical memory or swap space
#   Check if swap backing store is full
#   Decrease Java heap size (-Xmx/-Xms)
#   Decrease number of Java threads
#   Decrease Java thread stack sizes (-Xss)
#   Set larger code cache with -XX:ReservedCodeCacheSize=
#   JVM is running with Unscaled Compressed Oops mode in which the Java heap is
#     placed in the first 4GB address space. The Java Heap base address is the
#     maximum limit for the native heap growth. Please use -XX:HeapBaseMinAddress
#     to set the Java Heap base and to place the Java Heap above 4GB virtual address.
# This output file may be truncated or incomplete.
#
#  Out of Memory Error (virtualSpaceNode.cpp:110), pid=10720, tid=11848
#
# JRE version: OpenJDK Runtime Environment (17.0.6) (build 17.0.6+0-b2043.56-10027231)
# Java VM: OpenJDK 64-Bit Server VM (17.0.6+0-b2043.56-10027231, mixed mode, tiered, compressed oops, compressed class ptrs, g1 gc, windows-amd64)
# No core dump will be written. Minidumps are not enabled by default on client versions of Windows
#

---------------  S U M M A R Y ------------

Command Line: --add-opens=java.base/java.util=ALL-UNNAMED --add-opens=java.base/java.lang=ALL-UNNAMED --add-opens=java.base/java.lang.invoke=ALL-UNNAMED --add-opens=java.prefs/java.util.prefs=ALL-UNNAMED --add-opens=java.base/java.nio.charset=ALL-UNNAMED --add-opens=java.base/java.net=ALL-UNNAMED --add-opens=java.base/java.util.concurrent.atomic=ALL-UNNAMED -Xmx2048m -Dfile.encoding=UTF-8 -Duser.country=US -Duser.language=en -Duser.variant org.gradle.launcher.daemon.bootstrap.GradleDaemon 8.0

Host: Intel(R) Core(TM) i7-10510U CPU @ 1.80GHz, 8 cores, 11G,  Windows 11 , 64 bit Build 22621 (10.0.22621.2506)
Time: Mon Nov 27 01:00:44 2023 Egypt Standard Time elapsed time: 6.175861 seconds (0d 0h 0m 6s)

---------------  T H R E A D  ---------------

Current thread (0x0000028ed96ce3f0):  JavaThread "Daemon worker" [_thread_in_vm, id=11848, stack(0x00000094bde00000,0x00000094bdf00000)]

Stack: [0x00000094bde00000,0x00000094bdf00000]
Native frames: (J=compiled Java code, j=interpreted, Vv=VM code, C=native code)
V  [jvm.dll+0x683c9a]
V  [jvm.dll+0x8427a4]
V  [jvm.dll+0x843f9e]
V  [jvm.dll+0x844603]
V  [jvm.dll+0x249b75]
V  [jvm.dll+0x83e7fb]
V  [jvm.dll+0x628006]
V  [jvm.dll+0x62806a]
V  [jvm.dll+0x62a87a]
V  [jvm.dll+0x6289a6]
V  [jvm.dll+0x23ef36]
V  [jvm.dll+0x1ee40d]
V  [jvm.dll+0x1e3dcc]
V  [jvm.dll+0x547fed]
V  [jvm.dll+0x1f46eb]
V  [jvm.dll+0x7bc7cb]
V  [jvm.dll+0x7bdc12]
V  [jvm.dll+0x7be3a9]
V  [jvm.dll+0x1eecf4]
V  [jvm.dll+0x1e3de5]
V  [jvm.dll+0x547fed]
V  [jvm.dll+0x1f46eb]
V  [jvm.dll+0x7bc7cb]
V  [jvm.dll+0x7bdc12]
V  [jvm.dll+0x7bdf48]
V  [jvm.dll+0x24190e]
V  [jvm.dll+0x241b5f]
V  [jvm.dll+0x565e33]
V  [jvm.dll+0x568344]
V  [jvm.dll+0x387f4b]
V  [jvm.dll+0x387a02]
C  0x0000028ec7bb897f

Java frames: (J=compiled Java code, j=interpreted, Vv=VM code)
j  java.time.LocalDate.isLeapYear()Z+0 java.base@17.0.6
j  java.time.LocalDate.toEpochDay()J+135 java.base@17.0.6
j  java.time.LocalDate.plusDays(J)Ljava/time/LocalDate;+155 java.base@17.0.6
j  java.time.LocalDateTime.plusWithOverflow(Ljava/time/LocalDate;JJJJI)Ljava/time/LocalDateTime;+170 java.base@17.0.6
j  java.time.LocalDateTime.plusSeconds(J)Ljava/time/LocalDateTime;+10 java.base@17.0.6
j  java.time.zone.ZoneOffsetTransition.getDateTimeAfter()Ljava/time/LocalDateTime;+9 java.base@17.0.6
j  java.time.zone.ZoneRules.<init>([J[Ljava/time/ZoneOffset;[J[Ljava/time/ZoneOffset;[Ljava/time/zone/ZoneOffsetTransitionRule;)V+150 java.base@17.0.6
j  java.time.zone.ZoneRules.readExternal(Ljava/io/DataInput;)Ljava/time/zone/ZoneRules;+272 java.base@17.0.6
j  java.time.zone.Ser.readInternal(BLjava/io/DataInput;)Ljava/io/Serializable;+29 java.base@17.0.6
j  java.time.zone.Ser.read(Ljava/io/DataInput;)Ljava/io/Serializable;+9 java.base@17.0.6
j  java.time.zone.TzdbZoneRulesProvider.provideRules(Ljava/lang/String;Z)Ljava/time/zone/ZoneRules;+75 java.base@17.0.6
j  java.time.zone.ZoneRulesProvider.getRules(Ljava/lang/String;Z)Ljava/time/zone/ZoneRules;+13 java.base@17.0.6
j  java.time.ZoneRegion.ofId(Ljava/lang/String;Z)Ljava/time/ZoneRegion;+15 java.base@17.0.6
j  java.time.ZoneId.of(Ljava/lang/String;Z)Ljava/time/ZoneId;+81 java.base@17.0.6
j  java.time.ZoneId.of(Ljava/lang/String;)Ljava/time/ZoneId;+2 java.base@17.0.6
j  java.time.ZoneId.of(Ljava/lang/String;Ljava/util/Map;)Ljava/time/ZoneId;+33 java.base@17.0.6
j  java.util.TimeZone.toZoneId0()Ljava/time/ZoneId;+97 java.base@17.0.6
j  java.util.TimeZone.toZoneId()Ljava/time/ZoneId;+11 java.base@17.0.6
j  java.util.TimeZone.toZoneId0()Ljava/time/ZoneId;+30 java.base@17.0.6
j  java.util.TimeZone.toZoneId()Ljava/time/ZoneId;+11 java.base@17.0.6
j  java.time.ZoneId.systemDefault()Ljava/time/ZoneId;+3 java.base@17.0.6
j  jdk.nio.zipfs.ZipUtils.dosToJavaTime(J)J+122 jdk.zipfs@17.0.6
j  jdk.nio.zipfs.ZipFileSystem$Entry.readCEN(Ljdk/nio/zipfs/ZipFileSystem;Ljdk/nio/zipfs/ZipFileSystem$IndexNode;)V+67 jdk.zipfs@17.0.6
j  jdk.nio.zipfs.ZipFileSystem$Entry.<init>(Ljdk/nio/zipfs/ZipFileSystem;Ljdk/nio/zipfs/ZipFileSystem$IndexNode;)V+64 jdk.zipfs@17.0.6
j  jdk.nio.zipfs.ZipFileSystem.getFileAttributes([B)Ljdk/nio/zipfs/ZipFileAttributes;+150 jdk.zipfs@17.0.6
j  jdk.nio.zipfs.ZipPath.readAttributes()Ljdk/nio/zipfs/ZipFileAttributes;+8 jdk.zipfs@17.0.6
j  jdk.nio.zipfs.ZipPath.readAttributes(Ljava/lang/Class;)Ljava/nio/file/attribute/BasicFileAttributes;+15 jdk.zipfs@17.0.6
j  jdk.nio.zipfs.ZipFileSystemProvider.readAttributes(Ljava/nio/file/Path;Ljava/lang/Class;[Ljava/nio/file/LinkOption;)Ljava/nio/file/attribute/BasicFileAttributes;+5 jdk.zipfs@17.0.6
j  java.nio.file.Files.readAttributes(Ljava/nio/file/Path;Ljava/lang/Class;[Ljava/nio/file/LinkOption;)Ljava/nio/file/attribute/BasicFileAttributes;+7 java.base@17.0.6
j  java.nio.file.FileTreeWalker.getAttributes(Ljava/nio/file/Path;Z)Ljava/nio/file/attribute/BasicFileAttributes;+56 java.base@17.0.6
j  java.nio.file.FileTreeWalker.visit(Ljava/nio/file/Path;ZZ)Ljava/nio/file/FileTreeWalker$Event;+3 java.base@17.0.6
j  java.nio.file.FileTreeWalker.walk(Ljava/nio/file/Path;)Ljava/nio/file/FileTreeWalker$Event;+21 java.base@17.0.6
j  java.nio.file.Files.walkFileTree(Ljava/nio/file/Path;Ljava/util/Set;ILjava/nio/file/FileVisitor;)Ljava/nio/file/Path;+14 java.base@17.0.6
j  java.nio.file.Files.walkFileTree(Ljava/nio/file/Path;Ljava/nio/file/FileVisitor;)Ljava/nio/file/Path;+11 java.base@17.0.6
j  org.codehaus.groovy.vmplugin.v9.ClassFinder.find(Ljava/net/URI;Ljava/lang/String;Ljava/lang/String;Z)Ljava/util/Map;+140
j  org.codehaus.groovy.vmplugin.v9.ClassFinder.find(Ljava/net/URI;Ljava/lang/String;Z)Ljava/util/Map;+204
j  org.codehaus.groovy.vmplugin.v9.Java9.doFindClasses(Ljava/net/URI;Ljava/lang/String;Ljava/util/List;)Ljava/util/Map;+3
j  org.codehaus.groovy.vmplugin.v9.Java9.getDefaultImportClasses([Ljava/lang/String;)Ljava/util/Map;+193
j  org.codehaus.groovy.control.ResolveVisitor.<clinit>()V+70
v  ~StubRoutines::call_stub
j  org.codehaus.groovy.runtime.InvokerHelper.<clinit>()V+60
v  ~StubRoutines::call_stub
j  groovy.lang.GroovyObjectSupport.getDefaultMetaClass()Lgroovy/lang/MetaClass;+4
j  groovy.lang.GroovyObjectSupport.<init>()V+6
j  groovy.lang.Binding.<init>()V+1
j  groovy.lang.Script.<init>()V+5
j  org.gradle.groovy.scripts.Script.<init>()V+1
j  org.gradle.groovy.scripts.BasicScript.<init>()V+1
j  org.gradle.groovy.scripts.DefaultScript.<init>()V+1
j  org.gradle.initialization.InitScript.<init>()V+1
j  ijtestinit_2lw6f9qxc3y7bccts2qvjtupy.<init>()V+6
v  ~StubRoutines::call_stub
J 2428  jdk.internal.reflect.NativeConstructorAccessorImpl.newInstance0(Ljava/lang/reflect/Constructor;[Ljava/lang/Object;)Ljava/lang/Object; java.base@17.0.6 (0 bytes) @ 0x0000028ec8278706 [0x0000028ec82786a0+0x0000000000000066]
J 2427 c1 jdk.internal.reflect.NativeConstructorAccessorImpl.newInstance([Ljava/lang/Object;)Ljava/lang/Object; java.base@17.0.6 (122 bytes) @ 0x0000028ec0b3fce4 [0x0000028ec0b3f3e0+0x0000000000000904]
J 2181 c1 jdk.internal.reflect.DelegatingConstructorAccessorImpl.newInstance([Ljava/lang/Object;)Ljava/lang/Object; java.base@17.0.6 (9 bytes) @ 0x0000028ec0ac073c [0x0000028ec0ac0640+0x00000000000000fc]
J 2182 c1 java.lang.reflect.Constructor.newInstanceWithCaller([Ljava/lang/Object;ZLjava/lang/Class;)Ljava/lang/Object; java.base@17.0.6 (75 bytes) @ 0x0000028ec0ac0d4c [0x0000028ec0ac0b00+0x000000000000024c]
J 2007 c1 java.lang.reflect.Constructor.newInstance([Ljava/lang/Object;)Ljava/lang/Object; java.base@17.0.6 (34 bytes) @ 0x0000028ec0a518ac [0x0000028ec0a51740+0x000000000000016c]
j  org.gradle.internal.instantiation.generator.AsmBackedClassGenerator$InvokeConstructorStrategy.newInstance(Lorg/gradle/internal/service/ServiceLookup;Lorg/gradle/internal/instantiation/InstanceGenerator;Lorg/gradle/api/Describable;[Ljava/lang/Object;)Ljava/lang/Object;+37
j  org.gradle.internal.instantiation.generator.AbstractClassGenerator$GeneratedClassImpl$GeneratedConstructorImpl.lambda$newInstance$0(Lorg/gradle/internal/service/ServiceLookup;Lorg/gradle/internal/instantiation/InstanceGenerator;Lorg/gradle/api/Describable;[Ljava/lang/Object;)Ljava/lang/Object;+9
j  org.gradle.internal.instantiation.generator.AbstractClassGenerator$GeneratedClassImpl$GeneratedConstructorImpl$$Lambda$135+0x00000001002807d0.create()Ljava/lang/Object;+20
j  org.gradle.internal.deprecation.DeprecationLogger$4.create()Ljava/lang/Object;+6
j  org.gradle.internal.deprecation.DeprecationLogger.whileDisabledThrowing(Lorg/gradle/internal/deprecation/DeprecationLogger$ThrowingFactory;)Ljava/lang/Object;+14
j  org.gradle.internal.instantiation.generator.AbstractClassGenerator$GeneratedClassImpl$GeneratedConstructorImpl.newInstance(Lorg/gradle/internal/service/ServiceLookup;Lorg/gradle/internal/instantiation/InstanceGenerator;Lorg/gradle/api/Describable;[Ljava/lang/Object;)Ljava/lang/Object;+11
j  org.gradle.internal.instantiation.generator.DependencyInjectingInstantiator.doCreate(Ljava/lang/Class;Lorg/gradle/api/Describable;[Ljava/lang/Object;)Ljava/lang/Object;+37
j  org.gradle.internal.instantiation.generator.DependencyInjectingInstantiator.newInstance(Ljava/lang/Class;[Ljava/lang/Object;)Ljava/lang/Object;+4
j  org.gradle.groovy.scripts.internal.DefaultScriptRunnerFactory$ScriptRunnerImpl.getScript()Lorg/gradle/groovy/scripts/Script;+30
j  org.gradle.groovy.scripts.internal.DefaultScriptRunnerFactory$ScriptRunnerImpl.run(Ljava/lang/Object;Lorg/gradle/internal/service/ServiceRegistry;)V+21
j  org.gradle.configuration.DefaultScriptPluginFactory$ScriptPluginImpl.lambda$apply$0(Lorg/gradle/groovy/scripts/ScriptRunner;Ljava/lang/Object;Lorg/gradle/internal/service/DefaultServiceRegistry;)V+3
j  org.gradle.configuration.DefaultScriptPluginFactory$ScriptPluginImpl$$Lambda$389+0x00000001004db1b8.run()V+12
j  org.gradle.configuration.DefaultScriptTarget.addConfiguration(Ljava/lang/Runnable;Z)V+1
j  org.gradle.configuration.DefaultScriptPluginFactory$ScriptPluginImpl.apply(Ljava/lang/Object;)V+389
j  org.gradle.configuration.BuildOperationScriptPlugin$1.run(Lorg/gradle/internal/operations/BuildOperationContext;)V+11
j  org.gradle.internal.operations.DefaultBuildOperationRunner$1.execute(Lorg/gradle/internal/operations/RunnableBuildOperation;Lorg/gradle/internal/operations/BuildOperationContext;)V+2
j  org.gradle.internal.operations.DefaultBuildOperationRunner$1.execute(Lorg/gradle/internal/operations/BuildOperation;Lorg/gradle/internal/operations/BuildOperationContext;)V+6
j  org.gradle.internal.operations.DefaultBuildOperationRunner$2.execute(Lorg/gradle/internal/operations/BuildOperationDescriptor;Lorg/gradle/internal/operations/BuildOperationState;Lorg/gradle/internal/operations/BuildOperationState;Lorg/gradle/internal/operations/DefaultBuildOperationRunner$ReadableBuildOperationContext;Lorg/gradle/internal/operations/DefaultBuildOperationRunner$BuildOperationExecutionListener;)Lorg/gradle/internal/operations/BuildOperation;+22
j  org.gradle.internal.operations.DefaultBuildOperationRunner$2.execute(Lorg/gradle/internal/operations/BuildOperationDescriptor;Lorg/gradle/internal/operations/BuildOperationState;Lorg/gradle/internal/operations/BuildOperationState;Lorg/gradle/internal/operations/DefaultBuildOperationRunner$ReadableBuildOperationContext;Lorg/gradle/internal/operations/DefaultBuildOperationRunner$BuildOperationExecutionListener;)Ljava/lang/Object;+8
j  org.gradle.internal.operations.DefaultBuildOperationRunner.execute(Lorg/gradle/internal/operations/BuildOperationDescriptor$Builder;Lorg/gradle/internal/operations/BuildOperationState;Lorg/gradle/internal/operations/DefaultBuildOperationRunner$BuildOperationExecution;)Ljava/lang/Object;+141
j  org.gradle.internal.operations.DefaultBuildOperationRunner.execute(Lorg/gradle/internal/operations/BuildOperation;Lorg/gradle/internal/operations/BuildOperationWorker;Lorg/gradle/internal/operations/BuildOperationState;)V+18
j  org.gradle.internal.operations.DefaultBuildOperationRunner.run(Lorg/gradle/internal/operations/RunnableBuildOperation;)V+9
j  org.gradle.internal.operations.DefaultBuildOperationExecutor.run(Lorg/gradle/internal/operations/RunnableBuildOperation;)V+5
j  org.gradle.configuration.BuildOperationScriptPlugin.lambda$apply$0(Ljava/lang/Object;Lorg/gradle/configuration/internal/UserCodeApplicationId;)V+14
j  org.gradle.configuration.BuildOperationScriptPlugin$$Lambda$337+0x00000001004b1078.execute(Ljava/lang/Object;)V+12
j  org.gradle.configuration.internal.DefaultUserCodeApplicationContext.apply(Lorg/gradle/internal/DisplayName;Lorg/gradle/api/Action;)V+37
j  org.gradle.configuration.BuildOperationScriptPlugin.apply(Ljava/lang/Object;)V+61
j  org.gradle.configuration.DefaultInitScriptProcessor.process(Lorg/gradle/groovy/scripts/ScriptSource;Lorg/gradle/api/internal/GradleInternal;)V+119
j  org.gradle.initialization.InitScriptHandler$1.run(Lorg/gradle/internal/operations/BuildOperationContext;)V+66
j  org.gradle.internal.operations.DefaultBuildOperationRunner$1.execute(Lorg/gradle/internal/operations/RunnableBuildOperation;Lorg/gradle/internal/operations/BuildOperationContext;)V+2
j  org.gradle.internal.operations.DefaultBuildOperationRunner$1.execute(Lorg/gradle/internal/operations/BuildOperation;Lorg/gradle/internal/operations/BuildOperationContext;)V+6
j  org.gradle.internal.operations.DefaultBuildOperationRunner$2.execute(Lorg/gradle/internal/operations/BuildOperationDescriptor;Lorg/gradle/internal/operations/BuildOperationState;Lorg/gradle/internal/operations/BuildOperationState;Lorg/gradle/internal/operations/DefaultBuildOperationRunner$ReadableBuildOperationContext;Lorg/gradle/internal/operations/DefaultBuildOperationRunner$BuildOperationExecutionListener;)Lorg/gradle/internal/operations/BuildOperation;+22
j  org.gradle.internal.operations.DefaultBuildOperationRunner$2.execute(Lorg/gradle/internal/operations/BuildOperationDescriptor;Lorg/gradle/internal/operations/BuildOperationState;Lorg/gradle/internal/operations/BuildOperationState;Lorg/gradle/internal/operations/DefaultBuildOperationRunner$ReadableBuildOperationContext;Lorg/gradle/internal/operations/DefaultBuildOperationRunner$BuildOperationExecutionListener;)Ljava/lang/Object;+8
j  org.gradle.internal.operations.DefaultBuildOperationRunner.execute(Lorg/gradle/internal/operations/BuildOperationDescriptor$Builder;Lorg/gradle/internal/operations/BuildOperationState;Lorg/gradle/internal/operations/DefaultBuildOperationRunner$BuildOperationExecution;)Ljava/lang/Object;+141
j  org.gradle.internal.operations.DefaultBuildOperationRunner.execute(Lorg/gradle/internal/operations/BuildOperation;Lorg/gradle/internal/operations/BuildOperationWorker;Lorg/gradle/internal/operations/BuildOperationState;)V+18
j  org.gradle.internal.operations.DefaultBuildOperationRunner.run(Lorg/gradle/internal/operations/RunnableBuildOperation;)V+9
j  org.gradle.internal.operations.DefaultBuildOperationExecutor.run(Lorg/gradle/internal/operations/RunnableBuildOperation;)V+5
j  org.gradle.initialization.InitScriptHandler.executeScripts(Lorg/gradle/api/internal/GradleInternal;)V+34
j  org.gradle.initialization.InitScriptHandlingSettingsLoader.findAndLoadSettings(Lorg/gradle/api/internal/GradleInternal;)Lorg/gradle/initialization/SettingsState;+5
j  org.gradle.api.internal.initialization.CacheConfigurationsHandlingSettingsLoader.findAndLoadSettings(Lorg/gradle/api/internal/GradleInternal;)Lorg/gradle/initialization/SettingsState;+15
j  org.gradle.initialization.GradlePropertiesHandlingSettingsLoader.findAndLoadSettings(Lorg/gradle/api/internal/GradleInternal;)Lorg/gradle/initialization/SettingsState;+39
j  org.gradle.initialization.DefaultSettingsPreparer.prepareSettings(Lorg/gradle/api/internal/GradleInternal;)V+33
j  org.gradle.initialization.BuildOperationFiringSettingsPreparer$LoadBuild.doLoadBuild()V+11
j  org.gradle.initialization.BuildOperationFiringSettingsPreparer$LoadBuild.run(Lorg/gradle/internal/operations/BuildOperationContext;)V+1
j  org.gradle.internal.operations.DefaultBuildOperationRunner$1.execute(Lorg/gradle/internal/operations/RunnableBuildOperation;Lorg/gradle/internal/operations/BuildOperationContext;)V+2
j  org.gradle.internal.operations.DefaultBuildOperationRunner$1.execute(Lorg/gradle/internal/operations/BuildOperation;Lorg/gradle/internal/operations/BuildOperationContext;)V+6
j  org.gradle.internal.operations.DefaultBuildOperationRunner$2.execute(Lorg/gradle/internal/operations/BuildOperationDescriptor;Lorg/gradle/internal/operations/BuildOperationState;Lorg/gradle/internal/operations/BuildOperationState;Lorg/gradle/internal/operations/DefaultBuildOperationRunner$ReadableBuildOperationContext;Lorg/gradle/internal/operations/DefaultBuildOperationRunner$BuildOperationExecutionListener;)Lorg/gradle/internal/operations/BuildOperation;+22
j  org.gradle.internal.operations.DefaultBuildOperationRunner$2.execute(Lorg/gradle/internal/operations/BuildOperationDescriptor;Lorg/gradle/internal/operations/BuildOperationState;Lorg/gradle/internal/operations/BuildOperationState;Lorg/gradle/internal/operations/DefaultBuildOperationRunner$ReadableBuildOperationContext;Lorg/gradle/internal/operations/DefaultBuildOperationRunner$BuildOperationExecutionListener;)Ljava/lang/Object;+8
j  org.gradle.internal.operations.DefaultBuildOperationRunner.execute(Lorg/gradle/internal/operations/BuildOperationDescriptor$Builder;Lorg/gradle/internal/operations/BuildOperationState;Lorg/gradle/internal/operations/DefaultBuildOperationRunner$BuildOperationExecution;)Ljava/lang/Object;+141
j  org.gradle.internal.operations.DefaultBuildOperationRunner.execute(Lorg/gradle/internal/operations/BuildOperation;Lorg/gradle/internal/operations/BuildOperationWorker;Lorg/gradle/internal/operations/BuildOperationState;)V+18
j  org.gradle.internal.operations.DefaultBuildOperationRunner.run(Lorg/gradle/internal/operations/RunnableBuildOperation;)V+9
j  org.gradle.internal.operations.DefaultBuildOperationExecutor.run(Lorg/gradle/internal/operations/RunnableBuildOperation;)V+5
j  org.gradle.initialization.BuildOperationFiringSettingsPreparer.prepareSettings(Lorg/gradle/api/internal/GradleInternal;)V+31
j  org.gradle.initialization.VintageBuildModelController.lambda$prepareSettings$1()V+8
j  org.gradle.initialization.VintageBuildModelController$$Lambda$256+0x00000001003fcc38.run()V+4
j  org.gradle.internal.model.StateTransitionController.lambda$doTransition$13(Ljava/lang/Runnable;)Lorg/gradle/internal/build/ExecutionResult;+1
j  org.gradle.internal.model.StateTransitionController$$Lambda$255+0x00000001003fc9f0.get()Ljava/lang/Object;+4
j  org.gradle.internal.model.StateTransitionController.doTransition(Lorg/gradle/internal/model/StateTransitionController$State;Lorg/gradle/internal/model/StateTransitionController$State;Ljava/util/function/Supplier;)Lorg/gradle/internal/build/ExecutionResult;+24
j  org.gradle.internal.model.StateTransitionController.doTransition(Lorg/gradle/internal/model/StateTransitionController$State;Lorg/gradle/internal/model/StateTransitionController$State;Ljava/lang/Runnable;)V+9
j  org.gradle.internal.model.StateTransitionController.lambda$transitionIfNotPreviously$11(Lorg/gradle/internal/model/StateTransitionController$State;Lorg/gradle/internal/model/StateTransitionController$State;Ljava/lang/Runnable;)V+16
j  org.gradle.internal.model.StateTransitionController$$Lambda$257+0x00000001003fce80.run()V+16
j  org.gradle.internal.work.DefaultSynchronizer.withLock(Ljava/lang/Runnable;)V+6
j  org.gradle.internal.model.StateTransitionController.transitionIfNotPreviously(Lorg/gradle/internal/model/StateTransitionController$State;Lorg/gradle/internal/model/StateTransitionController$State;Ljava/lang/Runnable;)V+13
j  org.gradle.initialization.VintageBuildModelController.prepareSettings()V+16
j  org.gradle.initialization.VintageBuildModelController.prepareToScheduleTasks()V+1
j  org.gradle.internal.build.DefaultBuildLifecycleController.lambda$prepareToScheduleTasks$3()V+9
j  org.gradle.internal.build.DefaultBuildLifecycleController$$Lambda$253+0x00000001003fc560.run()V+4
j  org.gradle.internal.model.StateTransitionController.lambda$doTransition$13(Ljava/lang/Runnable;)Lorg/gradle/internal/build/ExecutionResult;+1
j  org.gradle.internal.model.StateTransitionController$$Lambda$255+0x00000001003fc9f0.get()Ljava/lang/Object;+4
j  org.gradle.internal.model.StateTransitionController.doTransition(Lorg/gradle/internal/model/StateTransitionController$State;Lorg/gradle/internal/model/StateTransitionController$State;Ljava/util/function/Supplier;)Lorg/gradle/internal/build/ExecutionResult;+24
j  org.gradle.internal.model.StateTransitionController.doTransition(Lorg/gradle/internal/model/StateTransitionController$State;Lorg/gradle/internal/model/StateTransitionController$State;Ljava/lang/Runnable;)V+9
j  org.gradle.internal.model.StateTransitionController.lambda$maybeTransition$9(Lorg/gradle/internal/model/StateTransitionController$State;Lorg/gradle/internal/model/StateTransitionController$State;Ljava/lang/Runnable;)V+16
j  org.gradle.internal.model.StateTransitionController$$Lambda$254+0x00000001003fc7a8.run()V+16
j  org.gradle.internal.work.DefaultSynchronizer.withLock(Ljava/lang/Runnable;)V+6
j  org.gradle.internal.model.StateTransitionController.maybeTransition(Lorg/gradle/internal/model/StateTransitionController$State;Lorg/gradle/internal/model/StateTransitionController$State;Ljava/lang/Runnable;)V+13
j  org.gradle.internal.build.DefaultBuildLifecycleController.prepareToScheduleTasks()V+16
j  org.gradle.internal.buildtree.DefaultBuildTreeWorkPreparer.scheduleRequestedTasks(Lorg/gradle/internal/buildtree/BuildTreeWorkGraph;Lorg/gradle/execution/EntryTaskSelector;)Lorg/gradle/internal/buildtree/BuildTreeWorkGraph$FinalizedGraph;+4
j  org.gradle.configurationcache.VintageBuildTreeWorkController$scheduleAndRunRequestedTasks$1.apply(Lorg/gradle/internal/buildtree/BuildTreeWorkGraph;)Lorg/gradle/internal/build/ExecutionResult;+18
j  org.gradle.configurationcache.VintageBuildTreeWorkController$scheduleAndRunRequestedTasks$1.apply(Ljava/lang/Object;)Ljava/lang/Object;+5
j  org.gradle.composite.internal.DefaultIncludedBuildTaskGraph.withNewWorkGraph(Ljava/util/function/Function;)Ljava/lang/Object;+30
j  org.gradle.configurationcache.VintageBuildTreeWorkController.scheduleAndRunRequestedTasks(Lorg/gradle/execution/EntryTaskSelector;)Lorg/gradle/internal/build/ExecutionResult;+16
j  org.gradle.internal.buildtree.DefaultBuildTreeLifecycleController.lambda$scheduleAndRunTasks$1(Lorg/gradle/execution/EntryTaskSelector;)Lorg/gradle/internal/build/ExecutionResult;+5
j  org.gradle.internal.buildtree.DefaultBuildTreeLifecycleController$$Lambda$248+0x00000001003fb5e0.get()Ljava/lang/Object;+8
j  org.gradle.internal.buildtree.DefaultBuildTreeLifecycleController.lambda$runBuild$4(Ljava/util/function/Supplier;)Ljava/lang/Object;+1
j  org.gradle.internal.buildtree.DefaultBuildTreeLifecycleController$$Lambda$249+0x00000001003fb828.get()Ljava/lang/Object;+8
j  org.gradle.internal.model.StateTransitionController.lambda$transition$6(Ljava/util/function/Supplier;)Lorg/gradle/internal/build/ExecutionResult;+1
j  org.gradle.internal.model.StateTransitionController$$Lambda$251+0x00000001003fbcb8.get()Ljava/lang/Object;+4
j  org.gradle.internal.model.StateTransitionController.doTransition(Lorg/gradle/internal/model/StateTransitionController$State;Lorg/gradle/internal/model/StateTransitionController$State;Ljava/util/function/Supplier;)Lorg/gradle/internal/build/ExecutionResult;+24
j  org.gradle.internal.model.StateTransitionController.lambda$transition$7(Lorg/gradle/internal/model/StateTransitionController$State;Lorg/gradle/internal/model/StateTransitionController$State;Ljava/util/function/Supplier;)Ljava/lang/Object;+9
j  org.gradle.internal.model.StateTransitionController$$Lambda$250+0x00000001003fba70.create()Ljava/lang/Object;+16
j  org.gradle.internal.work.DefaultSynchronizer.withLock(Lorg/gradle/internal/Factory;)Ljava/lang/Object;+6
j  org.gradle.internal.model.StateTransitionController.transition(Lorg/gradle/internal/model/StateTransitionController$State;Lorg/gradle/internal/model/StateTransitionController$State;Ljava/util/function/Supplier;)Ljava/lang/Object;+13
j  org.gradle.internal.buildtree.DefaultBuildTreeLifecycleController.runBuild(Ljava/util/function/Supplier;)Ljava/lang/Object;+17
j  org.gradle.internal.buildtree.DefaultBuildTreeLifecycleController.scheduleAndRunTasks(Lorg/gradle/execution/EntryTaskSelector;)V+8
j  org.gradle.internal.buildtree.DefaultBuildTreeLifecycleController.scheduleAndRunTasks()V+2
j  org.gradle.tooling.internal.provider.runner.BuildModelActionRunner.run(Lorg/gradle/internal/invocation/BuildAction;Lorg/gradle/internal/buildtree/BuildTreeLifecycleController;)Lorg/gradle/internal/buildtree/BuildActionRunner$Result;+65
j  org.gradle.launcher.exec.ChainingBuildActionRunner.run(Lorg/gradle/internal/invocation/BuildAction;Lorg/gradle/internal/buildtree/BuildTreeLifecycleController;)Lorg/gradle/internal/buildtree/BuildActionRunner$Result;+34
j  org.gradle.internal.buildtree.ProblemReportingBuildActionRunner.run(Lorg/gradle/internal/invocation/BuildAction;Lorg/gradle/internal/buildtree/BuildTreeLifecycleController;)Lorg/gradle/internal/buildtree/BuildActionRunner$Result;+12
j  org.gradle.launcher.exec.BuildOutcomeReportingBuildActionRunner.run(Lorg/gradle/internal/invocation/BuildAction;Lorg/gradle/internal/buildtree/BuildTreeLifecycleController;)Lorg/gradle/internal/buildtree/BuildActionRunner$Result;+69
j  org.gradle.tooling.internal.provider.FileSystemWatchingBuildActionRunner.run(Lorg/gradle/internal/invocation/BuildAction;Lorg/gradle/internal/buildtree/BuildTreeLifecycleController;)Lorg/gradle/internal/buildtree/BuildActionRunner$Result;+335
j  org.gradle.launcher.exec.BuildCompletionNotifyingBuildActionRunner.run(Lorg/gradle/internal/invocation/BuildAction;Lorg/gradle/internal/buildtree/BuildTreeLifecycleController;)Lorg/gradle/internal/buildtree/BuildActionRunner$Result;+6
j  org.gradle.launcher.exec.RootBuildLifecycleBuildActionExecutor.lambda$execute$0(Lorg/gradle/internal/invocation/BuildAction;Lorg/gradle/internal/buildtree/BuildTreeLifecycleController;)Lorg/gradle/internal/buildtree/BuildActionRunner$Result;+6
j  org.gradle.launcher.exec.RootBuildLifecycleBuildActionExecutor$$Lambda$205+0x00000001003ddb90.apply(Ljava/lang/Object;)Ljava/lang/Object;+12
j  org.gradle.composite.internal.DefaultRootBuildState.run(Ljava/util/function/Function;)Ljava/lang/Object;+87
j  org.gradle.launcher.exec.RootBuildLifecycleBuildActionExecutor.execute(Lorg/gradle/internal/invocation/BuildAction;Lorg/gradle/internal/buildtree/BuildTreeContext;)Lorg/gradle/internal/buildtree/BuildActionRunner$Result;+28
j  org.gradle.internal.buildtree.DefaultBuildTreeContext.execute(Lorg/gradle/internal/invocation/BuildAction;)Lorg/gradle/internal/buildtree/BuildActionRunner$Result;+64
j  org.gradle.launcher.exec.BuildTreeLifecycleBuildActionExecutor.lambda$execute$0(Lorg/gradle/internal/invocation/BuildAction;Lorg/gradle/internal/buildtree/BuildTreeContext;)Lorg/gradle/internal/buildtree/BuildActionRunner$Result;+2
j  org.gradle.launcher.exec.BuildTreeLifecycleBuildActionExecutor$$Lambda$158+0x0000000100330690.apply(Ljava/lang/Object;)Ljava/lang/Object;+8
j  org.gradle.internal.buildtree.BuildTreeState.run(Ljava/util/function/Function;)Ljava/lang/Object;+5
j  org.gradle.launcher.exec.BuildTreeLifecycleBuildActionExecutor.execute(Lorg/gradle/internal/invocation/BuildAction;Lorg/gradle/internal/session/BuildSessionContext;)Lorg/gradle/internal/buildtree/BuildActionRunner$Result;+181
j  org.gradle.launcher.exec.RunAsBuildOperationBuildActionExecutor$3.call(Lorg/gradle/internal/operations/BuildOperationContext;)Lorg/gradle/internal/buildtree/BuildActionRunner$Result;+25
j  org.gradle.launcher.exec.RunAsBuildOperationBuildActionExecutor$3.call(Lorg/gradle/internal/operations/BuildOperationContext;)Ljava/lang/Object;+2
j  org.gradle.internal.operations.DefaultBuildOperationRunner$CallableBuildOperationWorker.execute(Lorg/gradle/internal/operations/CallableBuildOperation;Lorg/gradle/internal/operations/BuildOperationContext;)V+3
j  org.gradle.internal.operations.DefaultBuildOperationRunner$CallableBuildOperationWorker.execute(Lorg/gradle/internal/operations/BuildOperation;Lorg/gradle/internal/operations/BuildOperationContext;)V+6
j  org.gradle.internal.operations.DefaultBuildOperationRunner$2.execute(Lorg/gradle/internal/operations/BuildOperationDescriptor;Lorg/gradle/internal/operations/BuildOperationState;Lorg/gradle/internal/operations/BuildOperationState;Lorg/gradle/internal/operations/DefaultBuildOperationRunner$ReadableBuildOperationContext;Lorg/gradle/internal/operations/DefaultBuildOperationRunner$BuildOperationExecutionListener;)Lorg/gradle/internal/operations/BuildOperation;+22
j  org.gradle.internal.operations.DefaultBuildOperationRunner$2.execute(Lorg/gradle/internal/operations/BuildOperationDescriptor;Lorg/gradle/internal/operations/BuildOperationState;Lorg/gradle/internal/operations/BuildOperationState;Lorg/gradle/internal/operations/DefaultBuildOperationRunner$ReadableBuildOperationContext;Lorg/gradle/internal/operations/DefaultBuildOperationRunner$BuildOperationExecutionListener;)Ljava/lang/Object;+8
j  org.gradle.internal.operations.DefaultBuildOperationRunner.execute(Lorg/gradle/internal/operations/BuildOperationDescriptor$Builder;Lorg/gradle/internal/operations/BuildOperationState;Lorg/gradle/internal/operations/DefaultBuildOperationRunner$BuildOperationExecution;)Ljava/lang/Object;+141
j  org.gradle.internal.operations.DefaultBuildOperationRunner.execute(Lorg/gradle/internal/operations/BuildOperation;Lorg/gradle/internal/operations/BuildOperationWorker;Lorg/gradle/internal/operations/BuildOperationState;)V+18
j  org.gradle.internal.operations.DefaultBuildOperationRunner.call(Lorg/gradle/internal/operations/CallableBuildOperation;)Ljava/lang/Object;+16
j  org.gradle.internal.operations.DefaultBuildOperationExecutor.call(Lorg/gradle/internal/operations/CallableBuildOperation;)Ljava/lang/Object;+5
j  org.gradle.launcher.exec.RunAsBuildOperationBuildActionExecutor.execute(Lorg/gradle/internal/invocation/BuildAction;Lorg/gradle/internal/session/BuildSessionContext;)Lorg/gradle/internal/buildtree/BuildActionRunner$Result;+23
j  org.gradle.launcher.exec.RunAsWorkerThreadBuildActionExecutor.lambda$execute$0(Lorg/gradle/internal/invocation/BuildAction;Lorg/gradle/internal/session/BuildSessionContext;)Lorg/gradle/internal/buildtree/BuildActionRunner$Result;+6
j  org.gradle.launcher.exec.RunAsWorkerThreadBuildActionExecutor$$Lambda$157+0x00000001003154a8.create()Ljava/lang/Object;+12
j  org.gradle.internal.work.DefaultWorkerLeaseService.withLocks(Ljava/util/Collection;Lorg/gradle/internal/Factory;)Ljava/lang/Object;+28
j  org.gradle.internal.work.DefaultWorkerLeaseService.runAsWorkerThread(Lorg/gradle/internal/Factory;)Ljava/lang/Object;+33
j  org.gradle.launcher.exec.RunAsWorkerThreadBuildActionExecutor.execute(Lorg/gradle/internal/invocation/BuildAction;Lorg/gradle/internal/session/BuildSessionContext;)Lorg/gradle/internal/buildtree/BuildActionRunner$Result;+12
j  org.gradle.tooling.internal.provider.continuous.ContinuousBuildActionExecutor.execute(Lorg/gradle/internal/invocation/BuildAction;Lorg/gradle/internal/session/BuildSessionContext;)Lorg/gradle/internal/buildtree/BuildActionRunner$Result;+58
j  org.gradle.tooling.internal.provider.SubscribableBuildActionExecutor.execute(Lorg/gradle/internal/invocation/BuildAction;Lorg/gradle/internal/session/BuildSessionContext;)Lorg/gradle/internal/buildtree/BuildActionRunner$Result;+30
j  org.gradle.internal.session.DefaultBuildSessionContext.execute(Lorg/gradle/internal/invocation/BuildAction;)Lorg/gradle/internal/buildtree/BuildActionRunner$Result;+64
j  org.gradle.tooling.internal.provider.BuildSessionLifecycleBuildActionExecuter$ActionImpl.apply(Lorg/gradle/internal/session/BuildSessionContext;)Lorg/gradle/launcher/exec/BuildActionResult;+6
j  org.gradle.tooling.internal.provider.BuildSessionLifecycleBuildActionExecuter$ActionImpl.apply(Ljava/lang/Object;)Ljava/lang/Object;+5
j  org.gradle.internal.session.BuildSessionState.run(Ljava/util/function/Function;)Ljava/lang/Object;+5
j  org.gradle.tooling.internal.provider.BuildSessionLifecycleBuildActionExecuter.execute(Lorg/gradle/internal/invocation/BuildAction;Lorg/gradle/launcher/exec/BuildActionParameters;Lorg/gradle/initialization/BuildRequestContext;)Lorg/gradle/launcher/exec/BuildActionResult;+95
j  org.gradle.tooling.internal.provider.BuildSessionLifecycleBuildActionExecuter.execute(Lorg/gradle/internal/invocation/BuildAction;Ljava/lang/Object;Ljava/lang/Object;)Lorg/gradle/launcher/exec/BuildActionResult;+10
j  org.gradle.tooling.internal.provider.StartParamsValidatingActionExecuter.execute(Lorg/gradle/internal/invocation/BuildAction;Lorg/gradle/launcher/exec/BuildActionParameters;Lorg/gradle/initialization/BuildRequestContext;)Lorg/gradle/launcher/exec/BuildActionResult;+177
j  org.gradle.tooling.internal.provider.StartParamsValidatingActionExecuter.execute(Lorg/gradle/internal/invocation/BuildAction;Ljava/lang/Object;Ljava/lang/Object;)Lorg/gradle/launcher/exec/BuildActionResult;+10
j  org.gradle.tooling.internal.provider.SessionFailureReportingActionExecuter.execute(Lorg/gradle/internal/invocation/BuildAction;Lorg/gradle/launcher/exec/BuildActionParameters;Lorg/gradle/initialization/BuildRequestContext;)Lorg/gradle/launcher/exec/BuildActionResult;+7
j  org.gradle.tooling.internal.provider.SessionFailureReportingActionExecuter.execute(Lorg/gradle/internal/invocation/BuildAction;Ljava/lang/Object;Ljava/lang/Object;)Lorg/gradle/launcher/exec/BuildActionResult;+10
j  org.gradle.tooling.internal.provider.SetupLoggingActionExecuter.execute(Lorg/gradle/internal/invocation/BuildAction;Lorg/gradle/launcher/exec/BuildActionParameters;Lorg/gradle/initialization/BuildRequestContext;)Lorg/gradle/launcher/exec/BuildActionResult;+50
j  org.gradle.tooling.internal.provider.SetupLoggingActionExecuter.execute(Lorg/gradle/internal/invocation/BuildAction;Ljava/lang/Object;Ljava/lang/Object;)Lorg/gradle/launcher/exec/BuildActionResult;+10
j  org.gradle.launcher.daemon.server.exec.ExecuteBuild.doBuild(Lorg/gradle/launcher/daemon/server/api/DaemonCommandExecution;Lorg/gradle/launcher/daemon/protocol/Build;)V+117
j  org.gradle.launcher.daemon.server.exec.BuildCommandOnly.execute(Lorg/gradle/launcher/daemon/server/api/DaemonCommandExecution;)V+49
j  org.gradle.launcher.daemon.server.api.DaemonCommandExecution.proceed()Z+23
j  org.gradle.launcher.daemon.server.exec.WatchForDisconnection.execute(Lorg/gradle/launcher/daemon/server/api/DaemonCommandExecution;)V+19
j  org.gradle.launcher.daemon.server.api.DaemonCommandExecution.proceed()Z+23
j  org.gradle.launcher.daemon.server.exec.ResetDeprecationLogger.execute(Lorg/gradle/launcher/daemon/server/api/DaemonCommandExecution;)V+7
j  org.gradle.launcher.daemon.server.api.DaemonCommandExecution.proceed()Z+23
j  org.gradle.launcher.daemon.server.exec.RequestStopIfSingleUsedDaemon.execute(Lorg/gradle/launcher/daemon/server/api/DaemonCommandExecution;)V+33
j  org.gradle.launcher.daemon.server.api.DaemonCommandExecution.proceed()Z+23
j  org.gradle.launcher.daemon.server.exec.ForwardClientInput$2.create()Ljava/lang/Void;+4
j  org.gradle.launcher.daemon.server.exec.ForwardClientInput$2.create()Ljava/lang/Object;+1
j  org.gradle.util.internal.Swapper.swap(Ljava/lang/Object;Lorg/gradle/internal/Factory;)Ljava/lang/Object;+21
j  org.gradle.launcher.daemon.server.exec.ForwardClientInput.execute(Lorg/gradle/launcher/daemon/server/api/DaemonCommandExecution;)V+63
j  org.gradle.launcher.daemon.server.api.DaemonCommandExecution.proceed()Z+23
j  org.gradle.launcher.daemon.server.exec.LogAndCheckHealth.execute(Lorg/gradle/launcher/daemon/server/api/DaemonCommandExecution;)V+51
j  org.gradle.launcher.daemon.server.api.DaemonCommandExecution.proceed()Z+23
j  org.gradle.launcher.daemon.server.exec.LogToClient.doBuild(Lorg/gradle/launcher/daemon/server/api/DaemonCommandExecution;Lorg/gradle/launcher/daemon/protocol/Build;)V+87
j  org.gradle.launcher.daemon.server.exec.BuildCommandOnly.execute(Lorg/gradle/launcher/daemon/server/api/DaemonCommandExecution;)V+49
j  org.gradle.launcher.daemon.server.api.DaemonCommandExecution.proceed()Z+23
j  org.gradle.launcher.daemon.server.exec.EstablishBuildEnvironment.doBuild(Lorg/gradle/launcher/daemon/server/api/DaemonCommandExecution;Lorg/gradle/launcher/daemon/protocol/Build;)V+356
j  org.gradle.launcher.daemon.server.exec.BuildCommandOnly.execute(Lorg/gradle/launcher/daemon/server/api/DaemonCommandExecution;)V+49
j  org.gradle.launcher.daemon.server.api.DaemonCommandExecution.proceed()Z+23
j  org.gradle.launcher.daemon.server.exec.StartBuildOrRespondWithBusy$1.run()V+44
j  org.gradle.launcher.daemon.server.DaemonStateCoordinator$1.run()V+4
j  org.gradle.internal.concurrent.ExecutorPolicy$CatchAndRecordFailures.onExecute(Ljava/lang/Runnable;)V+1
j  org.gradle.internal.concurrent.ManagedExecutorImpl$1.run()V+25
j  java.util.concurrent.ThreadPoolExecutor.runWorker(Ljava/util/concurrent/ThreadPoolExecutor$Worker;)V+92 java.base@17.0.6
j  java.util.concurrent.ThreadPoolExecutor$Worker.run()V+5 java.base@17.0.6
j  java.lang.Thread.run()V+11 java.base@17.0.6
v  ~StubRoutines::call_stub

---------------  P R O C E S S  ---------------

Threads class SMR info:
_java_thread_list=0x0000028edb085ba0, length=35, elements={
0x0000028ebd1a8bd0, 0x0000028ed7c2c020, 0x0000028ed7c2ca40, 0x0000028ed7c170c0,
0x0000028ed7c18a80, 0x0000028ed7c19430, 0x0000028ed7c520f0, 0x0000028ed7c52e80,
0x0000028ed7c5e0f0, 0x0000028ed7c61620, 0x0000028ed7dd3960, 0x0000028ed7dec850,
0x0000028edacb0020, 0x0000028eda4de080, 0x0000028eda0e7c10, 0x0000028eda9dc030,
0x0000028eda9dc500, 0x0000028ed96cdf20, 0x0000028ed96ce3f0, 0x0000028ed7eddcd0,
0x0000028ed7edb180, 0x0000028ed7edbb20, 0x0000028ed7edc4c0, 0x0000028ed7edce60,
0x0000028ed7edd330, 0x0000028ed7edd800, 0x0000028ed7edeb40, 0x0000028edb5ec3a0,
0x0000028edb5ebed0, 0x0000028edb5ed210, 0x0000028edb5eba00, 0x0000028edb5ec870,
0x0000028edb5f10a0, 0x0000028edb5f0700, 0x0000028edb5f1570
}

Java Threads: ( => current thread )
  0x0000028ebd1a8bd0 JavaThread "main" [_thread_blocked, id=7104, stack(0x00000094bc000000,0x00000094bc100000)]
  0x0000028ed7c2c020 JavaThread "Reference Handler" daemon [_thread_blocked, id=17216, stack(0x00000094bc700000,0x00000094bc800000)]
  0x0000028ed7c2ca40 JavaThread "Finalizer" daemon [_thread_blocked, id=9300, stack(0x00000094bc800000,0x00000094bc900000)]
  0x0000028ed7c170c0 JavaThread "Signal Dispatcher" daemon [_thread_blocked, id=2052, stack(0x00000094bc900000,0x00000094bca00000)]
  0x0000028ed7c18a80 JavaThread "Attach Listener" daemon [_thread_blocked, id=15196, stack(0x00000094bca00000,0x00000094bcb00000)]
  0x0000028ed7c19430 JavaThread "Service Thread" daemon [_thread_blocked, id=15320, stack(0x00000094bcb00000,0x00000094bcc00000)]
  0x0000028ed7c520f0 JavaThread "Monitor Deflation Thread" daemon [_thread_blocked, id=10952, stack(0x00000094bcc00000,0x00000094bcd00000)]
  0x0000028ed7c52e80 JavaThread "C2 CompilerThread0" daemon [_thread_blocked, id=4284, stack(0x00000094bcd00000,0x00000094bce00000)]
  0x0000028ed7c5e0f0 JavaThread "C1 CompilerThread0" daemon [_thread_blocked, id=1564, stack(0x00000094bce00000,0x00000094bcf00000)]
  0x0000028ed7c61620 JavaThread "Sweeper thread" daemon [_thread_blocked, id=14796, stack(0x00000094bcf00000,0x00000094bd000000)]
  0x0000028ed7dd3960 JavaThread "Common-Cleaner" daemon [_thread_blocked, id=15492, stack(0x00000094bd000000,0x00000094bd100000)]
  0x0000028ed7dec850 JavaThread "Notification Thread" daemon [_thread_blocked, id=13952, stack(0x00000094bd100000,0x00000094bd200000)]
  0x0000028edacb0020 JavaThread "Daemon health stats" [_thread_blocked, id=18680, stack(0x00000094bd900000,0x00000094bda00000)]
  0x0000028eda4de080 JavaThread "Incoming local TCP Connector on port 57607" [_thread_in_native, id=16388, stack(0x00000094bd400000,0x00000094bd500000)]
  0x0000028eda0e7c10 JavaThread "Daemon periodic checks" [_thread_blocked, id=2456, stack(0x00000094bda00000,0x00000094bdb00000)]
  0x0000028eda9dc030 JavaThread "Daemon" [_thread_blocked, id=288, stack(0x00000094bdb00000,0x00000094bdc00000)]
  0x0000028eda9dc500 JavaThread "Handler for socket connection from /127.0.0.1:57607 to /127.0.0.1:57608" [_thread_in_native, id=15004, stack(0x00000094bdc00000,0x00000094bdd00000)]
  0x0000028ed96cdf20 JavaThread "Cancel handler" [_thread_blocked, id=6948, stack(0x00000094bdd00000,0x00000094bde00000)]
=>0x0000028ed96ce3f0 JavaThread "Daemon worker" [_thread_in_vm, id=11848, stack(0x00000094bde00000,0x00000094bdf00000)]
  0x0000028ed7eddcd0 JavaThread "Asynchronous log dispatcher for DefaultDaemonConnection: socket connection from /127.0.0.1:57607 to /127.0.0.1:57608" [_thread_blocked, id=6968, stack(0x00000094bdf00000,0x00000094be000000)]
  0x0000028ed7edb180 JavaThread "Stdin handler" [_thread_blocked, id=4792, stack(0x00000094be000000,0x00000094be100000)]
  0x0000028ed7edbb20 JavaThread "Daemon client event forwarder" [_thread_blocked, id=18376, stack(0x00000094be100000,0x00000094be200000)]
  0x0000028ed7edc4c0 JavaThread "Cache worker for journal cache (C:\Users\lenovo\.gradle\caches\journal-1)" [_thread_blocked, id=16632, stack(0x00000094be600000,0x00000094be700000)]
  0x0000028ed7edce60 JavaThread "File lock request listener" [_thread_in_native, id=4796, stack(0x00000094be700000,0x00000094be800000)]
  0x0000028ed7edd330 JavaThread "Cache worker for file hash cache (C:\Users\lenovo\.gradle\caches\8.0\fileHashes)" [_thread_blocked, id=13568, stack(0x00000094be800000,0x00000094be900000)]
  0x0000028ed7edd800 JavaThread "File watcher server" daemon [_thread_in_native, id=7968, stack(0x00000094bea00000,0x00000094beb00000)]
  0x0000028ed7edeb40 JavaThread "File watcher consumer" daemon [_thread_blocked, id=11404, stack(0x00000094beb00000,0x00000094bec00000)]
  0x0000028edb5ec3a0 JavaThread "Cache worker for checksums cache (C:\Users\lenovo\AndroidStudioProjects\Quran\.gradle\8.0\checksums)" [_thread_blocked, id=4444, stack(0x00000094bec00000,0x00000094bed00000)]
  0x0000028edb5ebed0 JavaThread "Cache worker for cache directory md-rule (C:\Users\lenovo\.gradle\caches\8.0\md-rule)" [_thread_blocked, id=14940, stack(0x00000094bed00000,0x00000094bee00000)]
  0x0000028edb5ed210 JavaThread "Cache worker for file content cache (C:\Users\lenovo\.gradle\caches\8.0\fileContent)" [_thread_blocked, id=13668, stack(0x00000094bee00000,0x00000094bef00000)]
  0x0000028edb5eba00 JavaThread "Cache worker for file hash cache (C:\Users\lenovo\AndroidStudioProjects\Quran\.gradle\8.0\fileHashes)" [_thread_blocked, id=16744, stack(0x00000094bef00000,0x00000094bf000000)]
  0x0000028edb5ec870 JavaThread "Cache worker for cache directory md-supplier (C:\Users\lenovo\.gradle\caches\8.0\md-supplier)" [_thread_blocked, id=7188, stack(0x00000094bf000000,0x00000094bf100000)]
  0x0000028edb5f10a0 JavaThread "Cache worker for execution history cache (C:\Users\lenovo\.gradle\caches\8.0\executionHistory)" [_thread_blocked, id=12624, stack(0x00000094be900000,0x00000094bea00000)]
  0x0000028edb5f0700 JavaThread "jar transforms" [_thread_blocked, id=9604, stack(0x00000094bd300000,0x00000094bd400000)]
  0x0000028edb5f1570 JavaThread "jar transforms Thread 2" [_thread_blocked, id=13308, stack(0x00000094bf100000,0x00000094bf200000)]

Other Threads:
  0x0000028ed701d140 VMThread "VM Thread" [stack: 0x00000094bc600000,0x00000094bc700000] [id=17068]
  0x0000028ed7df5150 WatcherThread [stack: 0x00000094bd200000,0x00000094bd300000] [id=12512]
  0x0000028ebd206cf0 GCTaskThread "GC Thread#0" [stack: 0x00000094bc100000,0x00000094bc200000] [id=11852]
  0x0000028ed89d7240 GCTaskThread "GC Thread#1" [stack: 0x00000094bd500000,0x00000094bd600000] [id=3836]
  0x0000028ed89d74f0 GCTaskThread "GC Thread#2" [stack: 0x00000094bd600000,0x00000094bd700000] [id=18348]
  0x0000028ed8a91b50 GCTaskThread "GC Thread#3" [stack: 0x00000094bd700000,0x00000094bd800000] [id=7180]
  0x0000028ed94ef450 GCTaskThread "GC Thread#4" [stack: 0x00000094bd800000,0x00000094bd900000] [id=18652]
  0x0000028edad2ebc0 GCTaskThread "GC Thread#5" [stack: 0x00000094be200000,0x00000094be300000] [id=13900]
  0x0000028eda9de1e0 GCTaskThread "GC Thread#6" [stack: 0x00000094be300000,0x00000094be400000] [id=17876]
  0x0000028edaee3040 GCTaskThread "GC Thread#7" [stack: 0x00000094be400000,0x00000094be500000] [id=4396]
  0x0000028ebd217b30 ConcurrentGCThread "G1 Main Marker" [stack: 0x00000094bc200000,0x00000094bc300000] [id=6808]
  0x0000028ebd218440 ConcurrentGCThread "G1 Conc#0" [stack: 0x00000094bc300000,0x00000094bc400000] [id=2056]
  0x0000028eda3ae030 ConcurrentGCThread "G1 Conc#1" [stack: 0x00000094be500000,0x00000094be600000] [id=18996]
  0x0000028ebd26e2a0 ConcurrentGCThread "G1 Refine#0" [stack: 0x00000094bc400000,0x00000094bc500000] [id=15924]
  0x0000028ebd26ebc0 ConcurrentGCThread "G1 Service" [stack: 0x00000094bc500000,0x00000094bc600000] [id=5212]

Threads with active compile tasks:

VM state: not at safepoint (normal execution)

VM Mutex/Monitor currently owned by a thread:  ([mutex/lock_event])
[0x0000028ebd1a2640] Metaspace_lock - owner thread: 0x0000028ed96ce3f0

Heap address: 0x0000000080000000, size: 2048 MB, Compressed Oops mode: 32-bit

CDS archive(s) not mapped
Compressed class space mapped at: 0x0000000100000000-0x0000000140000000, reserved size: 1073741824
Narrow klass base: 0x0000000000000000, Narrow klass shift: 3, Narrow klass range: 0x140000000

GC Precious Log:
 CPUs: 8 total, 8 available
 Memory: 12121M
 Large Page Support: Disabled
 NUMA Support: Disabled
 Compressed Oops: Enabled (32-bit)
 Heap Region Size: 1M
 Heap Min Capacity: 8M
 Heap Initial Capacity: 190M
 Heap Max Capacity: 2G
 Pre-touch: Disabled
 Parallel Workers: 8
 Concurrent Workers: 2
 Concurrent Refinement Workers: 8
 Periodic GC: Disabled

Heap:
 garbage-first heap   total 68608K, used 36101K [0x0000000080000000, 0x0000000100000000)
  region size 1024K, 17 young (17408K), 3 survivors (3072K)
 Metaspace       used 40029K, committed 40384K, reserved 1089536K
  class space    used 5328K, committed 5504K, reserved 1048576K

Heap Regions: E=young(eden), S=young(survivor), O=old, HS=humongous(starts), HC=humongous(continues), CS=collection set, F=free, OA=open archive, CA=closed archive, TAMS=top-at-mark-start (previous, next)
|   0|0x0000000080000000, 0x0000000080100000, 0x0000000080100000|100%|HS|  |TAMS 0x0000000080100000, 0x0000000080000000| Complete 
|   1|0x0000000080100000, 0x0000000080200000, 0x0000000080200000|100%|HC|  |TAMS 0x0000000080200000, 0x0000000080100000| Complete 
|   2|0x0000000080200000, 0x0000000080300000, 0x0000000080300000|100%|HC|  |TAMS 0x0000000080300000, 0x0000000080200000| Complete 
|   3|0x0000000080300000, 0x0000000080400000, 0x0000000080400000|100%|HC|  |TAMS 0x0000000080400000, 0x0000000080300000| Complete 
|   4|0x0000000080400000, 0x0000000080500000, 0x0000000080500000|100%| O|  |TAMS 0x0000000080500000, 0x0000000080400000| Untracked 
|   5|0x0000000080500000, 0x0000000080600000, 0x0000000080600000|100%| O|  |TAMS 0x0000000080600000, 0x0000000080500000| Untracked 
|   6|0x0000000080600000, 0x0000000080700000, 0x0000000080700000|100%| O|  |TAMS 0x0000000080700000, 0x0000000080600000| Untracked 
|   7|0x0000000080700000, 0x0000000080800000, 0x0000000080800000|100%| O|  |TAMS 0x0000000080800000, 0x0000000080700000| Untracked 
|   8|0x0000000080800000, 0x0000000080900000, 0x0000000080900000|100%| O|  |TAMS 0x0000000080900000, 0x0000000080800000| Untracked 
|   9|0x0000000080900000, 0x0000000080a00000, 0x0000000080a00000|100%| O|  |TAMS 0x0000000080a00000, 0x0000000080900000| Untracked 
|  10|0x0000000080a00000, 0x0000000080b00000, 0x0000000080b00000|100%| O|  |TAMS 0x0000000080b00000, 0x0000000080a00000| Untracked 
|  11|0x0000000080b00000, 0x0000000080c00000, 0x0000000080c00000|100%| O|  |TAMS 0x0000000080b00000, 0x0000000080b00000| Untracked 
|  12|0x0000000080c00000, 0x0000000080d00000, 0x0000000080d00000|100%| O|  |TAMS 0x0000000080d00000, 0x0000000080c00000| Untracked 
|  13|0x0000000080d00000, 0x0000000080e00000, 0x0000000080e00000|100%| O|  |TAMS 0x0000000080e00000, 0x0000000080d00000| Untracked 
|  14|0x0000000080e00000, 0x0000000080f00000, 0x0000000080f00000|100%| O|  |TAMS 0x0000000080f00000, 0x0000000080e00000| Untracked 
|  15|0x0000000080f00000, 0x0000000081000000, 0x0000000081000000|100%| O|  |TAMS 0x0000000081000000, 0x0000000080f00000| Untracked 
|  16|0x0000000081000000, 0x0000000081100000, 0x0000000081100000|100%| O|  |TAMS 0x0000000081100000, 0x0000000081000000| Untracked 
|  17|0x0000000081100000, 0x0000000081200000, 0x0000000081200000|100%| O|  |TAMS 0x0000000081200000, 0x0000000081100000| Untracked 
|  18|0x0000000081200000, 0x0000000081300000, 0x0000000081300000|100%| O|  |TAMS 0x0000000081300000, 0x0000000081200000| Untracked 
|  19|0x0000000081300000, 0x0000000081400000, 0x0000000081400000|100%| O|  |TAMS 0x0000000081400000, 0x0000000081300000| Untracked 
|  20|0x0000000081400000, 0x0000000081500000, 0x0000000081500000|100%| O|  |TAMS 0x00000000814a6000, 0x0000000081400000| Complete 
|  21|0x0000000081500000, 0x000000008151e400, 0x0000000081600000| 11%| O|  |TAMS 0x0000000081500000, 0x0000000081500000| Untracked 
|  22|0x0000000081600000, 0x0000000081600000, 0x0000000081700000|  0%| F|  |TAMS 0x0000000081600000, 0x0000000081600000| Untracked 
|  23|0x0000000081700000, 0x0000000081700000, 0x0000000081800000|  0%| F|  |TAMS 0x0000000081700000, 0x0000000081700000| Untracked 
|  24|0x0000000081800000, 0x0000000081800000, 0x0000000081900000|  0%| F|  |TAMS 0x0000000081800000, 0x0000000081800000| Untracked 
|  25|0x0000000081900000, 0x0000000081900000, 0x0000000081a00000|  0%| F|  |TAMS 0x0000000081900000, 0x0000000081900000| Untracked 
|  26|0x0000000081a00000, 0x0000000081a00000, 0x0000000081b00000|  0%| F|  |TAMS 0x0000000081a00000, 0x0000000081a00000| Untracked 
|  27|0x0000000081b00000, 0x0000000081b00000, 0x0000000081c00000|  0%| F|  |TAMS 0x0000000081b00000, 0x0000000081b00000| Untracked 
|  28|0x0000000081c00000, 0x0000000081c00000, 0x0000000081d00000|  0%| F|  |TAMS 0x0000000081c00000, 0x0000000081c00000| Untracked 
|  29|0x0000000081d00000, 0x0000000081d00000, 0x0000000081e00000|  0%| F|  |TAMS 0x0000000081d00000, 0x0000000081d00000| Untracked 
|  30|0x0000000081e00000, 0x0000000081e00000, 0x0000000081f00000|  0%| F|  |TAMS 0x0000000081e00000, 0x0000000081e00000| Untracked 
|  31|0x0000000081f00000, 0x0000000081f00000, 0x0000000082000000|  0%| F|  |TAMS 0x0000000081f00000, 0x0000000081f00000| Untracked 
|  32|0x0000000082000000, 0x0000000082000000, 0x0000000082100000|  0%| F|  |TAMS 0x0000000082000000, 0x0000000082000000| Untracked 
|  33|0x0000000082100000, 0x0000000082100000, 0x0000000082200000|  0%| F|  |TAMS 0x0000000082100000, 0x0000000082100000| Untracked 
|  34|0x0000000082200000, 0x0000000082200000, 0x0000000082300000|  0%| F|  |TAMS 0x0000000082200000, 0x0000000082200000| Untracked 
|  35|0x0000000082300000, 0x0000000082300000, 0x0000000082400000|  0%| F|  |TAMS 0x0000000082300000, 0x0000000082300000| Untracked 
|  36|0x0000000082400000, 0x0000000082400000, 0x0000000082500000|  0%| F|  |TAMS 0x0000000082400000, 0x0000000082400000| Untracked 
|  37|0x0000000082500000, 0x0000000082500000, 0x0000000082600000|  0%| F|  |TAMS 0x0000000082500000, 0x0000000082500000| Untracked 
|  38|0x0000000082600000, 0x0000000082600000, 0x0000000082700000|  0%| F|  |TAMS 0x0000000082600000, 0x0000000082600000| Untracked 
|  39|0x0000000082700000, 0x0000000082700000, 0x0000000082800000|  0%| F|  |TAMS 0x0000000082700000, 0x0000000082700000| Untracked 
|  40|0x0000000082800000, 0x0000000082800000, 0x0000000082900000|  0%| F|  |TAMS 0x0000000082800000, 0x0000000082800000| Untracked 
|  41|0x0000000082900000, 0x0000000082900000, 0x0000000082a00000|  0%| F|  |TAMS 0x0000000082900000, 0x0000000082900000| Untracked 
|  42|0x0000000082a00000, 0x0000000082a00000, 0x0000000082b00000|  0%| F|  |TAMS 0x0000000082a00000, 0x0000000082a00000| Untracked 
|  43|0x0000000082b00000, 0x0000000082b00000, 0x0000000082c00000|  0%| F|  |TAMS 0x0000000082b00000, 0x0000000082b00000| Untracked 
|  44|0x0000000082c00000, 0x0000000082c00000, 0x0000000082d00000|  0%| F|  |TAMS 0x0000000082c00000, 0x0000000082c00000| Untracked 
|  45|0x0000000082d00000, 0x0000000082d00000, 0x0000000082e00000|  0%| F|  |TAMS 0x0000000082d00000, 0x0000000082d00000| Untracked 
|  46|0x0000000082e00000, 0x0000000082e00000, 0x0000000082f00000|  0%| F|  |TAMS 0x0000000082e00000, 0x0000000082e00000| Untracked 
|  47|0x0000000082f00000, 0x0000000082f00000, 0x0000000083000000|  0%| F|  |TAMS 0x0000000082f00000, 0x0000000082f00000| Untracked 
|  48|0x0000000083000000, 0x0000000083000000, 0x0000000083100000|  0%| F|  |TAMS 0x0000000083000000, 0x0000000083000000| Untracked 
|  49|0x0000000083100000, 0x0000000083100000, 0x0000000083200000|  0%| F|  |TAMS 0x0000000083100000, 0x0000000083100000| Untracked 
|  50|0x0000000083200000, 0x00000000832099b0, 0x0000000083300000|  3%| E|  |TAMS 0x0000000083200000, 0x0000000083200000| Complete 
|  51|0x0000000083300000, 0x0000000083400000, 0x0000000083400000|100%| E|CS|TAMS 0x0000000083300000, 0x0000000083300000| Complete 
|  52|0x0000000083400000, 0x0000000083500000, 0x0000000083500000|100%| E|CS|TAMS 0x0000000083400000, 0x0000000083400000| Complete 
|  53|0x0000000083500000, 0x0000000083600000, 0x0000000083600000|100%| E|CS|TAMS 0x0000000083500000, 0x0000000083500000| Complete 
|  54|0x0000000083600000, 0x0000000083700000, 0x0000000083700000|100%| E|  |TAMS 0x0000000083600000, 0x0000000083600000| Complete 
|  55|0x0000000083700000, 0x0000000083800000, 0x0000000083800000|100%| E|CS|TAMS 0x0000000083700000, 0x0000000083700000| Complete 
|  56|0x0000000083800000, 0x0000000083900000, 0x0000000083900000|100%| E|CS|TAMS 0x0000000083800000, 0x0000000083800000| Complete 
|  57|0x0000000083900000, 0x0000000083a00000, 0x0000000083a00000|100%| E|CS|TAMS 0x0000000083900000, 0x0000000083900000| Complete 
| 140|0x0000000088c00000, 0x0000000088d00000, 0x0000000088d00000|100%| E|CS|TAMS 0x0000000088c00000, 0x0000000088c00000| Complete 
| 141|0x0000000088d00000, 0x0000000088e00000, 0x0000000088e00000|100%| E|CS|TAMS 0x0000000088d00000, 0x0000000088d00000| Complete 
| 142|0x0000000088e00000, 0x0000000088f00000, 0x0000000088f00000|100%| E|CS|TAMS 0x0000000088e00000, 0x0000000088e00000| Complete 
| 143|0x0000000088f00000, 0x0000000089000000, 0x0000000089000000|100%| E|CS|TAMS 0x0000000088f00000, 0x0000000088f00000| Complete 
| 144|0x0000000089000000, 0x0000000089023380, 0x0000000089100000| 13%| S|CS|TAMS 0x0000000089000000, 0x0000000089000000| Complete 
| 145|0x0000000089100000, 0x0000000089200000, 0x0000000089200000|100%| S|CS|TAMS 0x0000000089100000, 0x0000000089100000| Complete 
| 146|0x0000000089200000, 0x0000000089300000, 0x0000000089300000|100%| S|CS|TAMS 0x0000000089200000, 0x0000000089200000| Complete 
| 147|0x0000000089300000, 0x0000000089400000, 0x0000000089400000|100%| E|CS|TAMS 0x0000000089300000, 0x0000000089300000| Complete 
| 189|0x000000008bd00000, 0x000000008be00000, 0x000000008be00000|100%| E|CS|TAMS 0x000000008bd00000, 0x000000008bd00000| Complete 

Card table byte_map: [0x0000028ecfda0000,0x0000028ed01a0000] _byte_map_base: 0x0000028ecf9a0000

Marking Bits (Prev, Next): (CMBitMap*) 0x0000028ebd207200, (CMBitMap*) 0x0000028ebd207240
 Prev Bits: [0x0000028ed05a0000, 0x0000028ed25a0000)
 Next Bits: [0x0000028ed25a0000, 0x0000028ed45a0000)

Polling page: 0x0000028ebb0e0000

Metaspace:

Usage:
  Non-class:     33.89 MB used.
      Class:      5.20 MB used.
       Both:     39.09 MB used.

Virtual space:
  Non-class space:       40.00 MB reserved,      34.06 MB ( 85%) committed,  5 nodes.
      Class space:        1.00 GB reserved,       5.38 MB ( <1%) committed,  1 nodes.
             Both:        1.04 GB reserved,      39.44 MB (  4%) committed. 

Chunk freelists:
   Non-Class:  1.86 MB
       Class:  2.53 MB
        Both:  4.39 MB

MaxMetaspaceSize: unlimited
CompressedClassSpaceSize: 1.00 GB
Initial GC threshold: 21.00 MB
Current GC threshold: 58.69 MB
CDS: off
MetaspaceReclaimPolicy: balanced
 - commit_granule_bytes: 65536.
 - commit_granule_words: 8192.
 - virtual_space_node_default_size: 1048576.
 - enlarge_chunks_in_place: 1.
 - new_chunks_are_fully_committed: 0.
 - uncommit_free_chunks: 1.
 - use_allocation_guard: 0.
 - handle_deallocations: 1.


Internal statistics:

num_allocs_failed_limit: 6.
num_arena_births: 300.
num_arena_deaths: 0.
num_vsnodes_births: 6.
num_vsnodes_deaths: 0.
num_space_committed: 631.
num_space_uncommitted: 0.
num_chunks_returned_to_freelist: 6.
num_chunks_taken_from_freelist: 1389.
num_chunk_merges: 6.
num_chunk_splits: 931.
num_chunks_enlarged: 675.
num_purges: 0.
num_inconsistent_stats: 0.

CodeHeap 'non-profiled nmethods': size=120000Kb used=1859Kb max_used=1859Kb free=118140Kb
 bounds [0x0000028ec8140000, 0x0000028ec83b0000, 0x0000028ecf670000]
CodeHeap 'profiled nmethods': size=120000Kb used=6436Kb max_used=6436Kb free=113564Kb
 bounds [0x0000028ec0670000, 0x0000028ec0cc0000, 0x0000028ec7ba0000]
CodeHeap 'non-nmethods': size=5760Kb used=1580Kb max_used=1598Kb free=4179Kb
 bounds [0x0000028ec7ba0000, 0x0000028ec7e10000, 0x0000028ec8140000]
 total_blobs=3845 nmethods=3201 adapters=556
 compilation: enabled
              stopped_count=0, restarted_count=0
 full_count=0

Compilation events (20 events):
Event: 6.092 Thread 0x0000028ed7c52e80 3176       4       jdk.nio.zipfs.ZipFileSystem$IndexNode::normalize (79 bytes)
Event: 6.094 Thread 0x0000028ed7c52e80 nmethod 3176 0x0000028ec830ea90 code [0x0000028ec830ec20, 0x0000028ec830ee98]
Event: 6.094 Thread 0x0000028ed7c52e80 3188       4       jdk.nio.zipfs.ZipFileSystem::getParentOff (40 bytes)
Event: 6.096 Thread 0x0000028ed7c52e80 nmethod 3188 0x0000028ec830f010 code [0x0000028ec830f1a0, 0x0000028ec830f378]
Event: 6.096 Thread 0x0000028ed7c52e80 3191       4       jdk.internal.util.ArraysSupport::mismatch (103 bytes)
Event: 6.114 Thread 0x0000028ed7c52e80 nmethod 3191 0x0000028ec830f490 code [0x0000028ec830f620, 0x0000028ec830f8d8]
Event: 6.114 Thread 0x0000028ed7c52e80 3190       4       java.util.Arrays::rangeCheck (74 bytes)
Event: 6.114 Thread 0x0000028ed7c52e80 nmethod 3190 0x0000028ec830fb10 code [0x0000028ec830fc80, 0x0000028ec830fd38]
Event: 6.114 Thread 0x0000028ed7c52e80 3192       4       jdk.nio.zipfs.ZipFileSystem$ParentLookup::equals (34 bytes)
Event: 6.116 Thread 0x0000028ed7c52e80 nmethod 3192 0x0000028ec830fe10 code [0x0000028ec830ffa0, 0x0000028ec8310278]
Event: 6.132 Thread 0x0000028ed7c5e0f0 3197       3       java.io.DataInputStream::readFully (9 bytes)
Event: 6.132 Thread 0x0000028ed7c5e0f0 nmethod 3197 0x0000028ec0cb7d90 code [0x0000028ec0cb7f40, 0x0000028ec0cb8088]
Event: 6.132 Thread 0x0000028ed7c5e0f0 3198       3       java.util.Arrays$ArrayItr::hasNext (18 bytes)
Event: 6.132 Thread 0x0000028ed7c52e80 3200       4       java.util.HashMap$KeyIterator::next (8 bytes)
Event: 6.132 Thread 0x0000028ed7c5e0f0 nmethod 3198 0x0000028ec0cb8190 code [0x0000028ec0cb8320, 0x0000028ec0cb8498]
Event: 6.132 Thread 0x0000028ed7c5e0f0 3199       3       java.util.Arrays$ArrayItr::next (36 bytes)
Event: 6.132 Thread 0x0000028ed7c5e0f0 nmethod 3199 0x0000028ec0cb8590 code [0x0000028ec0cb8740, 0x0000028ec0cb8988]
Event: 6.132 Thread 0x0000028ed7c5e0f0 3201       3       java.util.concurrent.ConcurrentHashMap$KeyIterator::next (34 bytes)
Event: 6.132 Thread 0x0000028ed7c5e0f0 nmethod 3201 0x0000028ec0cb8a90 code [0x0000028ec0cb8c40, 0x0000028ec0cb8ef8]
Event: 6.136 Thread 0x0000028ed7c52e80 nmethod 3200 0x0000028ec8310590 code [0x0000028ec8310720, 0x0000028ec8310b58]

GC Heap History (16 events):
Event: 0.646 GC heap before
{Heap before GC invocations=0 (full 0):
 garbage-first heap   total 194560K, used 26624K [0x0000000080000000, 0x0000000100000000)
  region size 1024K, 23 young (23552K), 0 survivors (0K)
 Metaspace       used 10253K, committed 10432K, reserved 1064960K
  class space    used 1058K, committed 1152K, reserved 1048576K
}
Event: 0.649 GC heap after
{Heap after GC invocations=1 (full 0):
 garbage-first heap   total 194560K, used 10272K [0x0000000080000000, 0x0000000100000000)
  region size 1024K, 3 young (3072K), 3 survivors (3072K)
 Metaspace       used 10253K, committed 10432K, reserved 1064960K
  class space    used 1058K, committed 1152K, reserved 1048576K
}
Event: 1.019 GC heap before
{Heap before GC invocations=1 (full 0):
 garbage-first heap   total 194560K, used 39968K [0x0000000080000000, 0x0000000100000000)
  region size 1024K, 32 young (32768K), 3 survivors (3072K)
 Metaspace       used 11209K, committed 11456K, reserved 1064960K
  class space    used 1161K, committed 1280K, reserved 1048576K
}
Event: 1.024 GC heap after
{Heap after GC invocations=2 (full 0):
 garbage-first heap   total 194560K, used 14557K [0x0000000080000000, 0x0000000100000000)
  region size 1024K, 4 young (4096K), 4 survivors (4096K)
 Metaspace       used 11209K, committed 11456K, reserved 1064960K
  class space    used 1161K, committed 1280K, reserved 1048576K
}
Event: 2.008 GC heap before
{Heap before GC invocations=2 (full 0):
 garbage-first heap   total 194560K, used 52445K [0x0000000080000000, 0x0000000100000000)
  region size 1024K, 42 young (43008K), 4 survivors (4096K)
 Metaspace       used 21306K, committed 21504K, reserved 1073152K
  class space    used 2597K, committed 2688K, reserved 1048576K
}
Event: 2.012 GC heap after
{Heap after GC invocations=3 (full 0):
 garbage-first heap   total 194560K, used 18543K [0x0000000080000000, 0x0000000100000000)
  region size 1024K, 8 young (8192K), 8 survivors (8192K)
 Metaspace       used 21306K, committed 21504K, reserved 1073152K
  class space    used 2597K, committed 2688K, reserved 1048576K
}
Event: 2.580 GC heap before
{Heap before GC invocations=4 (full 0):
 garbage-first heap   total 68608K, used 51311K [0x0000000080000000, 0x0000000100000000)
  region size 1024K, 40 young (40960K), 8 survivors (8192K)
 Metaspace       used 26217K, committed 26496K, reserved 1073152K
  class space    used 3445K, committed 3584K, reserved 1048576K
}
Event: 2.587 GC heap after
{Heap after GC invocations=5 (full 0):
 garbage-first heap   total 68608K, used 20373K [0x0000000080000000, 0x0000000100000000)
  region size 1024K, 3 young (3072K), 3 survivors (3072K)
 Metaspace       used 26217K, committed 26496K, reserved 1073152K
  class space    used 3445K, committed 3584K, reserved 1048576K
}
Event: 2.611 GC heap before
{Heap before GC invocations=5 (full 0):
 garbage-first heap   total 68608K, used 20373K [0x0000000080000000, 0x0000000100000000)
  region size 1024K, 4 young (4096K), 3 survivors (3072K)
 Metaspace       used 26407K, committed 26688K, reserved 1073152K
  class space    used 3480K, committed 3584K, reserved 1048576K
}
Event: 2.613 GC heap after
{Heap after GC invocations=6 (full 0):
 garbage-first heap   total 68608K, used 20550K [0x0000000080000000, 0x0000000100000000)
  region size 1024K, 1 young (1024K), 1 survivors (1024K)
 Metaspace       used 26407K, committed 26688K, reserved 1073152K
  class space    used 3480K, committed 3584K, reserved 1048576K
}
Event: 3.152 GC heap before
{Heap before GC invocations=6 (full 0):
 garbage-first heap   total 68608K, used 47174K [0x0000000080000000, 0x0000000100000000)
  region size 1024K, 27 young (27648K), 1 survivors (1024K)
 Metaspace       used 30521K, committed 30848K, reserved 1081344K
  class space    used 4152K, committed 4288K, reserved 1048576K
}
Event: 3.154 GC heap after
{Heap after GC invocations=7 (full 0):
 garbage-first heap   total 68608K, used 21714K [0x0000000080000000, 0x0000000100000000)
  region size 1024K, 2 young (2048K), 2 survivors (2048K)
 Metaspace       used 30521K, committed 30848K, reserved 1081344K
  class space    used 4152K, committed 4288K, reserved 1048576K
}
Event: 5.665 GC heap before
{Heap before GC invocations=7 (full 0):
 garbage-first heap   total 68608K, used 49362K [0x0000000080000000, 0x0000000100000000)
  region size 1024K, 29 young (29696K), 2 survivors (2048K)
 Metaspace       used 35231K, committed 35648K, reserved 1081344K
  class space    used 4867K, committed 5056K, reserved 1048576K
}
Event: 5.668 GC heap after
{Heap after GC invocations=8 (full 0):
 garbage-first heap   total 68608K, used 23716K [0x0000000080000000, 0x0000000100000000)
  region size 1024K, 4 young (4096K), 4 survivors (4096K)
 Metaspace       used 35231K, committed 35648K, reserved 1081344K
  class space    used 4867K, committed 5056K, reserved 1048576K
}
Event: 5.701 GC heap before
{Heap before GC invocations=8 (full 0):
 garbage-first heap   total 68608K, used 23716K [0x0000000080000000, 0x0000000100000000)
  region size 1024K, 6 young (6144K), 4 survivors (4096K)
 Metaspace       used 35619K, committed 35968K, reserved 1081344K
  class space    used 4876K, committed 5056K, reserved 1048576K
}
Event: 5.705 GC heap after
{Heap after GC invocations=9 (full 0):
 garbage-first heap   total 68608K, used 23813K [0x0000000080000000, 0x0000000100000000)
  region size 1024K, 3 young (3072K), 3 survivors (3072K)
 Metaspace       used 35619K, committed 35968K, reserved 1081344K
  class space    used 4876K, committed 5056K, reserved 1048576K
}

Dll operation events (2 events):
Event: 0.007 Loaded shared library E:\andriod\jbr\bin\java.dll
Event: 0.366 Loaded shared library E:\andriod\jbr\bin\verify.dll

Deoptimization events (20 events):
Event: 5.433 Thread 0x0000028ed96ce3f0 Uncommon trap: trap_request=0xffffffc6 fr.pc=0x0000028ec82d5cb4 relative=0x0000000000000894
Event: 5.433 Thread 0x0000028ed96ce3f0 Uncommon trap: reason=bimorphic_or_optimized_type_check action=maybe_recompile pc=0x0000028ec82d5cb4 method=java.io.BufferedInputStream.read([BII)I @ 101 c2
Event: 5.433 Thread 0x0000028ed96ce3f0 DEOPT PACKING pc=0x0000028ec82d5cb4 sp=0x00000094bdef7f20
Event: 5.433 Thread 0x0000028ed96ce3f0 DEOPT UNPACKING pc=0x0000028ec7bf69a3 sp=0x00000094bdef7ed8 mode 2
Event: 5.472 Thread 0x0000028ed96ce3f0 Uncommon trap: trap_request=0xffffff45 fr.pc=0x0000028ec82d3b30 relative=0x00000000000005d0
Event: 5.472 Thread 0x0000028ed96ce3f0 Uncommon trap: reason=unstable_if action=reinterpret pc=0x0000028ec82d3b30 method=jdk.internal.org.objectweb.asm.MethodWriter.visitVarInsn(II)V @ 108 c2
Event: 5.472 Thread 0x0000028ed96ce3f0 DEOPT PACKING pc=0x0000028ec82d3b30 sp=0x00000094bdef0ff0
Event: 5.472 Thread 0x0000028ed96ce3f0 DEOPT UNPACKING pc=0x0000028ec7bf69a3 sp=0x00000094bdef0fb8 mode 2
Event: 5.928 Thread 0x0000028ed96ce3f0 Uncommon trap: trap_request=0xffffff54 fr.pc=0x0000028ec81db338 relative=0x00000000000011f8
Event: 5.928 Thread 0x0000028ed96ce3f0 Uncommon trap: reason=speculate_null_assert action=make_not_entrant pc=0x0000028ec81db338 method=jdk.internal.loader.URLClassPath$JarLoader.getResource(Ljava/lang/String;ZLjava/util/Set;)Ljdk/internal/loader/Resource; @ 17 c2
Event: 5.928 Thread 0x0000028ed96ce3f0 DEOPT PACKING pc=0x0000028ec81db338 sp=0x00000094bdef6dd0
Event: 5.928 Thread 0x0000028ed96ce3f0 DEOPT UNPACKING pc=0x0000028ec7bf69a3 sp=0x00000094bdef6d68 mode 2
Event: 5.938 Thread 0x0000028ed96ce3f0 Uncommon trap: trap_request=0xffffffbe fr.pc=0x0000028ec82fef2c relative=0x0000000000003eac
Event: 5.938 Thread 0x0000028ed96ce3f0 Uncommon trap: reason=profile_predicate action=maybe_recompile pc=0x0000028ec82fef2c method=java.util.AbstractCollection.addAll(Ljava/util/Collection;)Z @ 15 c2
Event: 5.938 Thread 0x0000028ed96ce3f0 DEOPT PACKING pc=0x0000028ec82fef2c sp=0x00000094bdef7f30
Event: 5.938 Thread 0x0000028ed96ce3f0 DEOPT UNPACKING pc=0x0000028ec7bf69a3 sp=0x00000094bdef7f28 mode 2
Event: 6.041 Thread 0x0000028ed96ce3f0 Uncommon trap: trap_request=0xffffffc6 fr.pc=0x0000028ec82b89f8 relative=0x00000000000046d8
Event: 6.041 Thread 0x0000028ed96ce3f0 Uncommon trap: reason=bimorphic_or_optimized_type_check action=maybe_recompile pc=0x0000028ec82b89f8 method=java.net.URL.<init>(Ljava/net/URL;Ljava/lang/String;Ljava/net/URLStreamHandler;)V @ 504 c2
Event: 6.041 Thread 0x0000028ed96ce3f0 DEOPT PACKING pc=0x0000028ec82b89f8 sp=0x00000094bdef76c0
Event: 6.041 Thread 0x0000028ed96ce3f0 DEOPT UNPACKING pc=0x0000028ec7bf69a3 sp=0x00000094bdef7660 mode 2

Classes unloaded (0 events):
No events

Classes redefined (0 events):
No events

Internal exceptions (20 events):
Event: 4.023 Thread 0x0000028ed96ce3f0 Exception <a 'java/lang/NoSuchMethodError'{0x0000000083149790}: 'int java.lang.invoke.DirectMethodHandle$Holder.invokeStaticInit(java.lang.Object, java.lang.Object, java.lang.Object)'> (0x0000000083149790) 
thrown [s\src\hotspot\share\interpreter\linkResolver.cpp, line 771]
Event: 4.026 Thread 0x0000028ed96ce3f0 Exception <a 'java/lang/NoSuchMethodError'{0x000000008315e7c8}: 'java.lang.Object java.lang.invoke.DirectMethodHandle$Holder.newInvokeSpecial(java.lang.Object, java.lang.Object, long)'> (0x000000008315e7c8) 
thrown [s\src\hotspot\share\interpreter\linkResolver.cpp, line 771]
Event: 4.026 Thread 0x0000028ed96ce3f0 Exception <a 'java/lang/NoSuchMethodError'{0x0000000083162dd8}: 'java.lang.Object java.lang.invoke.Invokers$Holder.linkToTargetMethod(java.lang.Object, long, java.lang.Object)'> (0x0000000083162dd8) 
thrown [s\src\hotspot\share\interpreter\linkResolver.cpp, line 771]
Event: 4.045 Thread 0x0000028ed96ce3f0 Exception <a 'java/lang/NoSuchMethodError'{0x000000008305f4e8}: 'int java.lang.invoke.DirectMethodHandle$Holder.invokeInterface(java.lang.Object, java.lang.Object)'> (0x000000008305f4e8) 
thrown [s\src\hotspot\share\interpreter\linkResolver.cpp, line 771]
Event: 4.048 Thread 0x0000028ed96ce3f0 Exception <a 'java/lang/NoSuchMethodError'{0x0000000083083360}: 'java.lang.Object java.lang.invoke.DirectMethodHandle$Holder.invokeStatic(java.lang.Object, java.lang.Object, int, java.lang.Object)'> (0x0000000083083360) 
thrown [s\src\hotspot\share\interpreter\linkResolver.cpp, line 771]
Event: 4.048 Thread 0x0000028ed96ce3f0 Exception <a 'java/lang/NoSuchMethodError'{0x000000008308af18}: 'java.lang.Object java.lang.invoke.DirectMethodHandle$Holder.newInvokeSpecial(java.lang.Object, java.lang.Object, int, java.lang.Object)'> (0x000000008308af18) 
thrown [s\src\hotspot\share\interpreter\linkResolver.cpp, line 771]
Event: 4.048 Thread 0x0000028ed96ce3f0 Exception <a 'java/lang/NoSuchMethodError'{0x000000008308f800}: 'java.lang.Object java.lang.invoke.DirectMethodHandle$Holder.invokeSpecial(java.lang.Object, java.lang.Object, java.lang.Object, int, java.lang.Object)'> (0x000000008308f800) 
thrown [s\src\hotspot\share\interpreter\linkResolver.cpp, line 771]
Event: 4.738 Thread 0x0000028ed96ce3f0 Exception <a 'java/lang/NoSuchMethodError'{0x0000000082dc26e8}: 'java.lang.Object java.lang.invoke.DirectMethodHandle$Holder.invokeSpecial(java.lang.Object, java.lang.Object, java.lang.Object, int, java.lang.Object, java.lang.Object)'> (0x0000000082dc26e8) 
thrown [s\src\hotspot\share\interpreter\linkResolver.cpp, line 771]
Event: 5.472 Thread 0x0000028ed96ce3f0 Implicit null exception at 0x0000028ec82d3680 to 0x0000028ec82d3b24
Event: 5.644 Thread 0x0000028ed96ce3f0 Exception <a 'java/lang/NoSuchMethodError'{0x00000000829f8278}: 'void java.lang.invoke.DirectMethodHandle$Holder.invokeStaticInit(java.lang.Object, java.lang.Object, java.lang.Object)'> (0x00000000829f8278) 
thrown [s\src\hotspot\share\interpreter\linkResolver.cpp, line 771]
Event: 5.644 Thread 0x0000028ed96ce3f0 Exception <a 'java/lang/NoSuchMethodError'{0x00000000829ff9c0}: 'void java.lang.invoke.DirectMethodHandle$Holder.invokeStaticInit(java.lang.Object, java.lang.Object, java.lang.Object, java.lang.Object)'> (0x00000000829ff9c0) 
thrown [s\src\hotspot\share\interpreter\linkResolver.cpp, line 771]
Event: 5.646 Thread 0x0000028ed96ce3f0 Exception <a 'java/lang/NoSuchMethodError'{0x00000000828220a0}: 'void java.lang.invoke.DirectMethodHandle$Holder.invokeStaticInit(java.lang.Object, java.lang.Object, java.lang.Object, java.lang.Object, java.lang.Object)'> (0x00000000828220a0) 
thrown [s\src\hotspot\share\interpreter\linkResolver.cpp, line 771]
Event: 5.656 Thread 0x0000028ed96ce3f0 Exception <a 'java/lang/NoSuchMethodError'{0x000000008287c688}: 'int java.lang.invoke.DirectMethodHandle$Holder.invokeStaticInit(java.lang.Object, java.lang.Object, java.lang.Object, java.lang.Object)'> (0x000000008287c688) 
thrown [s\src\hotspot\share\interpreter\linkResolver.cpp, line 771]
Event: 5.929 Thread 0x0000028ed96ce3f0 Exception <a 'java/lang/ClassNotFoundException'{0x00000000839ede50}: groovy/lang/ExpandoMetaClassBeanInfo> (0x00000000839ede50) 
thrown [s\src\hotspot\share\classfile\systemDictionary.cpp, line 256]
Event: 5.930 Thread 0x0000028ed96ce3f0 Exception <a 'java/lang/ClassNotFoundException'{0x0000000083805150}: groovy/lang/MetaClassImplBeanInfo> (0x0000000083805150) 
thrown [s\src\hotspot\share\classfile\systemDictionary.cpp, line 256]
Event: 5.930 Thread 0x0000028ed96ce3f0 Exception <a 'java/lang/ClassNotFoundException'{0x000000008380a930}: java/lang/ObjectBeanInfo> (0x000000008380a930) 
thrown [s\src\hotspot\share\classfile\systemDictionary.cpp, line 256]
Event: 5.930 Thread 0x0000028ed96ce3f0 Exception <a 'java/lang/ClassNotFoundException'{0x00000000838107c8}: java/lang/ObjectCustomizer> (0x00000000838107c8) 
thrown [s\src\hotspot\share\classfile\systemDictionary.cpp, line 256]
Event: 5.932 Thread 0x0000028ed96ce3f0 Exception <a 'java/lang/IncompatibleClassChangeError'{0x00000000838151f0}: Found class java.lang.Object, but interface was expected> (0x00000000838151f0) 
thrown [s\src\hotspot\share\interpreter\linkResolver.cpp, line 838]
Event: 5.935 Thread 0x0000028ed96ce3f0 Exception <a 'java/lang/ClassNotFoundException'{0x0000000083830cd0}: groovy/lang/MetaClassImplCustomizer> (0x0000000083830cd0) 
thrown [s\src\hotspot\share\classfile\systemDictionary.cpp, line 256]
Event: 5.937 Thread 0x0000028ed96ce3f0 Exception <a 'java/lang/ClassNotFoundException'{0x0000000083866090}: groovy/lang/ExpandoMetaClassCustomizer> (0x0000000083866090) 
thrown [s\src\hotspot\share\classfile\systemDictionary.cpp, line 256]

VM Operations (20 events):
Event: 5.716 Executing VM operation: G1Concurrent
Event: 5.718 Executing VM operation: G1Concurrent done
Event: 5.724 Executing VM operation: G1Concurrent
Event: 5.724 Executing VM operation: G1Concurrent done
Event: 5.786 Executing VM operation: HandshakeAllThreads
Event: 5.786 Executing VM operation: HandshakeAllThreads done
Event: 5.844 Executing VM operation: HandshakeAllThreads
Event: 5.844 Executing VM operation: HandshakeAllThreads done
Event: 5.895 Executing VM operation: HandshakeAllThreads
Event: 5.895 Executing VM operation: HandshakeAllThreads done
Event: 6.041 Executing VM operation: HandshakeAllThreads
Event: 6.041 Executing VM operation: HandshakeAllThreads done
Event: 6.042 Executing VM operation: HandshakeAllThreads
Event: 6.042 Executing VM operation: HandshakeAllThreads done
Event: 6.049 Executing VM operation: HandshakeAllThreads
Event: 6.049 Executing VM operation: HandshakeAllThreads done
Event: 6.053 Executing VM operation: HandshakeAllThreads
Event: 6.053 Executing VM operation: HandshakeAllThreads done
Event: 6.060 Executing VM operation: HandshakeAllThreads
Event: 6.060 Executing VM operation: HandshakeAllThreads done

Events (20 events):
Event: 6.077 loading class java/time/temporal/ChronoField
Event: 6.078 loading class java/time/temporal/ChronoField done
Event: 6.078 loading class java/time/ZoneRegion
Event: 6.078 loading class java/time/ZoneRegion done
Event: 6.078 loading class java/time/zone/ZoneRulesProvider
Event: 6.079 loading class java/time/zone/ZoneRulesProvider done
Event: 6.079 loading class java/time/zone/ZoneRulesProvider$1
Event: 6.079 loading class java/time/zone/ZoneRulesProvider$1 done
Event: 6.079 loading class java/time/zone/TzdbZoneRulesProvider
Event: 6.079 loading class java/time/zone/TzdbZoneRulesProvider done
Event: 6.147 loading class java/time/zone/Ser
Event: 6.147 loading class java/io/Externalizable
Event: 6.147 loading class java/io/Externalizable done
Event: 6.147 loading class java/time/zone/Ser done
Event: 6.147 loading class java/time/zone/ZoneOffsetTransitionRule
Event: 6.147 loading class java/time/zone/ZoneOffsetTransitionRule done
Event: 6.147 loading class java/time/zone/ZoneOffsetTransition
Event: 6.148 loading class java/time/zone/ZoneOffsetTransition done
Event: 6.148 loading class java/time/chrono/IsoChronology
Event: 6.148 loading class java/time/chrono/AbstractChronology


Dynamic libraries:
0x00007ff76c5a0000 - 0x00007ff76c5aa000 	E:\andriod\jbr\bin\java.exe
0x00007ffcab5d0000 - 0x00007ffcab7e7000 	C:\Windows\SYSTEM32\ntdll.dll
0x00007ffcab410000 - 0x00007ffcab4d4000 	C:\Windows\System32\KERNEL32.DLL
0x00007ffca8970000 - 0x00007ffca8d15000 	C:\Windows\System32\KERNELBASE.dll
0x00007ffca8e90000 - 0x00007ffca8fa1000 	C:\Windows\System32\ucrtbase.dll
0x00007ffc9a9e0000 - 0x00007ffc9a9f7000 	E:\andriod\jbr\bin\jli.dll
0x00007ffc90150000 - 0x00007ffc9016b000 	E:\andriod\jbr\bin\VCRUNTIME140.dll
0x00007ffca9860000 - 0x00007ffca9a0e000 	C:\Windows\System32\USER32.dll
0x00007ffca8940000 - 0x00007ffca8966000 	C:\Windows\System32\win32u.dll
0x00007ffc94bc0000 - 0x00007ffc94e53000 	C:\Windows\WinSxS\amd64_microsoft.windows.common-controls_6595b64144ccf1df_6.0.22621.2506_none_270c5ae97388e100\COMCTL32.dll
0x00007ffcaaf00000 - 0x00007ffcaaf29000 	C:\Windows\System32\GDI32.dll
0x00007ffca9a10000 - 0x00007ffca9ab7000 	C:\Windows\System32\msvcrt.dll
0x00007ffca9020000 - 0x00007ffca9139000 	C:\Windows\System32\gdi32full.dll
0x00007ffca9200000 - 0x00007ffca929a000 	C:\Windows\System32\msvcp_win.dll
0x00007ffca97f0000 - 0x00007ffca9821000 	C:\Windows\System32\IMM32.DLL
0x00007ffc97480000 - 0x00007ffc9748c000 	E:\andriod\jbr\bin\vcruntime140_1.dll
0x00007ffc62be0000 - 0x00007ffc62c6d000 	E:\andriod\jbr\bin\msvcp140.dll
0x00007ffc55d50000 - 0x00007ffc569be000 	E:\andriod\jbr\bin\server\jvm.dll
0x00007ffca9730000 - 0x00007ffca97e1000 	C:\Windows\System32\ADVAPI32.dll
0x00007ffcaa960000 - 0x00007ffcaaa06000 	C:\Windows\System32\sechost.dll
0x00007ffcaa840000 - 0x00007ffcaa957000 	C:\Windows\System32\RPCRT4.dll
0x00007ffca0b30000 - 0x00007ffca0b64000 	C:\Windows\SYSTEM32\WINMM.dll
0x00007ffca5800000 - 0x00007ffca5809000 	C:\Windows\SYSTEM32\WSOCK32.dll
0x00007ffcaa7c0000 - 0x00007ffcaa831000 	C:\Windows\System32\WS2_32.dll
0x00007ffca1550000 - 0x00007ffca155a000 	C:\Windows\SYSTEM32\VERSION.dll
0x00007ffca78e0000 - 0x00007ffca78f8000 	C:\Windows\SYSTEM32\kernel.appcore.dll
0x00007ffca3a80000 - 0x00007ffca3a8a000 	E:\andriod\jbr\bin\jimage.dll
0x00007ffca5a40000 - 0x00007ffca5c73000 	C:\Windows\SYSTEM32\DBGHELP.DLL
0x00007ffcaa320000 - 0x00007ffcaa6a9000 	C:\Windows\System32\combase.dll
0x00007ffcaabc0000 - 0x00007ffcaac97000 	C:\Windows\System32\OLEAUT32.dll
0x00007ffc8b060000 - 0x00007ffc8b092000 	C:\Windows\SYSTEM32\dbgcore.DLL
0x00007ffca92a0000 - 0x00007ffca931a000 	C:\Windows\System32\bcryptPrimitives.dll
0x00007ffca3450000 - 0x00007ffca3475000 	E:\andriod\jbr\bin\java.dll
0x00007ffca3040000 - 0x00007ffca3058000 	E:\andriod\jbr\bin\zip.dll
0x00007ffca9ac0000 - 0x00007ffcaa319000 	C:\Windows\System32\SHELL32.dll
0x00007ffca6860000 - 0x00007ffca7154000 	C:\Windows\SYSTEM32\windows.storage.dll
0x00007ffca6720000 - 0x00007ffca685e000 	C:\Windows\SYSTEM32\wintypes.dll
0x00007ffca95c0000 - 0x00007ffca96b3000 	C:\Windows\System32\SHCORE.dll
0x00007ffcaaf30000 - 0x00007ffcaaf8e000 	C:\Windows\System32\shlwapi.dll
0x00007ffca8870000 - 0x00007ffca8896000 	C:\Windows\SYSTEM32\profapi.dll
0x00007ffca2fe0000 - 0x00007ffca2ff9000 	E:\andriod\jbr\bin\net.dll
0x00007ffca1270000 - 0x00007ffca13a7000 	C:\Windows\SYSTEM32\WINHTTP.dll
0x00007ffca7eb0000 - 0x00007ffca7f19000 	C:\Windows\system32\mswsock.dll
0x00007ffca2fa0000 - 0x00007ffca2fb6000 	E:\andriod\jbr\bin\nio.dll
0x00007ffca39e0000 - 0x00007ffca39f0000 	E:\andriod\jbr\bin\verify.dll
0x00007ffc93c50000 - 0x00007ffc93c77000 	C:\Users\lenovo\.gradle\native\68d5fa5c4cc2d200863cafc0d521ce42e7d3e7ee720ec0a83991735586a16f82\windows-amd64\native-platform.dll
0x00007ffc5ef00000 - 0x00007ffc5f044000 	C:\Users\lenovo\.gradle\native\e376f236ea51e6404a007f0833ffe2c6e607c4080706a723a18a27aeea778392\windows-amd64\native-platform-file-events.dll
0x00007ffca39c0000 - 0x00007ffca39c9000 	E:\andriod\jbr\bin\management.dll
0x00007ffca34d0000 - 0x00007ffca34db000 	E:\andriod\jbr\bin\management_ext.dll
0x00007ffca9830000 - 0x00007ffca9838000 	C:\Windows\System32\PSAPI.DLL
0x00007ffca8100000 - 0x00007ffca811b000 	C:\Windows\SYSTEM32\CRYPTSP.dll
0x00007ffca78a0000 - 0x00007ffca78d5000 	C:\Windows\system32\rsaenh.dll
0x00007ffca7fa0000 - 0x00007ffca7fcc000 	C:\Windows\SYSTEM32\USERENV.dll
0x00007ffca82d0000 - 0x00007ffca82f8000 	C:\Windows\SYSTEM32\bcrypt.dll
0x00007ffca8120000 - 0x00007ffca812c000 	C:\Windows\SYSTEM32\CRYPTBASE.dll
0x00007ffca73c0000 - 0x00007ffca73ed000 	C:\Windows\SYSTEM32\IPHLPAPI.DLL
0x00007ffcaa6b0000 - 0x00007ffcaa6b9000 	C:\Windows\System32\NSI.dll
0x00007ffca1250000 - 0x00007ffca1269000 	C:\Windows\SYSTEM32\dhcpcsvc6.DLL
0x00007ffca1230000 - 0x00007ffca124f000 	C:\Windows\SYSTEM32\dhcpcsvc.DLL
0x00007ffca7430000 - 0x00007ffca7529000 	C:\Windows\SYSTEM32\DNSAPI.dll
0x00007ffca3030000 - 0x00007ffca3038000 	C:\Windows\system32\wshunix.dll

dbghelp: loaded successfully - version: 4.0.5 - missing functions: none
symbol engine: initialized successfully - sym options: 0x614 - pdb path: .;E:\andriod\jbr\bin;C:\Windows\SYSTEM32;C:\Windows\WinSxS\amd64_microsoft.windows.common-controls_6595b64144ccf1df_6.0.22621.2506_none_270c5ae97388e100;E:\andriod\jbr\bin\server;C:\Users\lenovo\.gradle\native\68d5fa5c4cc2d200863cafc0d521ce42e7d3e7ee720ec0a83991735586a16f82\windows-amd64;C:\Users\lenovo\.gradle\native\e376f236ea51e6404a007f0833ffe2c6e607c4080706a723a18a27aeea778392\windows-amd64

VM Arguments:
jvm_args: --add-opens=java.base/java.util=ALL-UNNAMED --add-opens=java.base/java.lang=ALL-UNNAMED --add-opens=java.base/java.lang.invoke=ALL-UNNAMED --add-opens=java.prefs/java.util.prefs=ALL-UNNAMED --add-opens=java.base/java.nio.charset=ALL-UNNAMED --add-opens=java.base/java.net=ALL-UNNAMED --add-opens=java.base/java.util.concurrent.atomic=ALL-UNNAMED -Xmx2048m -Dfile.encoding=UTF-8 -Duser.country=US -Duser.language=en -Duser.variant 
java_command: org.gradle.launcher.daemon.bootstrap.GradleDaemon 8.0
java_class_path (initial): C:\Users\lenovo\.gradle\wrapper\dists\gradle-8.0-bin\ca5e32bp14vu59qr306oxotwh\gradle-8.0\lib\gradle-launcher-8.0.jar
Launcher Type: SUN_STANDARD

[Global flags]
     intx CICompilerCount                          = 4                                         {product} {ergonomic}
     uint ConcGCThreads                            = 2                                         {product} {ergonomic}
     uint G1ConcRefinementThreads                  = 8                                         {product} {ergonomic}
   size_t G1HeapRegionSize                         = 1048576                                   {product} {ergonomic}
    uintx GCDrainStackTargetSize                   = 64                                        {product} {ergonomic}
   size_t InitialHeapSize                          = 199229440                                 {product} {ergonomic}
   size_t MarkStackSize                            = 4194304                                   {product} {ergonomic}
   size_t MaxHeapSize                              = 2147483648                                {product} {command line}
   size_t MaxNewSize                               = 1287651328                                {product} {ergonomic}
   size_t MinHeapDeltaBytes                        = 1048576                                   {product} {ergonomic}
   size_t MinHeapSize                              = 8388608                                   {product} {ergonomic}
    uintx NonNMethodCodeHeapSize                   = 5839372                                {pd product} {ergonomic}
    uintx NonProfiledCodeHeapSize                  = 122909434                              {pd product} {ergonomic}
    uintx ProfiledCodeHeapSize                     = 122909434                              {pd product} {ergonomic}
    uintx ReservedCodeCacheSize                    = 251658240                              {pd product} {ergonomic}
     bool SegmentedCodeCache                       = true                                      {product} {ergonomic}
   size_t SoftMaxHeapSize                          = 2147483648                             {manageable} {ergonomic}
     bool UseCompressedClassPointers               = true                           {product lp64_product} {ergonomic}
     bool UseCompressedOops                        = true                           {product lp64_product} {ergonomic}
     bool UseG1GC                                  = true                                      {product} {ergonomic}
     bool UseLargePagesIndividualAllocation        = false                                  {pd product} {ergonomic}

Logging:
Log output configuration:
 #0: stdout all=warning uptime,level,tags
 #1: stderr all=off uptime,level,tags

Environment Variables:
JAVA_HOME=C:\Program Files\Java\jdk-17
PATH=C:\Program Files\Python311\Scripts\;C:\Program Files\Python311\;C:\Program Files\Common Files\Oracle\Java\javapath;C:\Program Files (x86)\Common Files\Oracle\Java\javapath;C:\Program Files (x86)\VMware\VMware Workstation\bin\;C:\Windows\system32;C:\Windows;C:\Windows\System32\Wbem;C:\Windows\System32\WindowsPowerShell\v1.0\;C:\Windows\System32\OpenSSH\;C:\Program Files (x86)\NVIDIA Corporation\PhysX\Common;C:\Program Files\NVIDIA Corporation\NVIDIA NvDLISR;C:\Program Files\PuTTY\;C:\users\lenevo\AppData\Programs\Python\Python39;C:\ProgramData\chocolatey\bin;C:\Program Files\nodejs\;C:\Program Files\dotnet\;C:\ffmpeg-6.0-essentials_build\bin;C:\Program Files\Java\jdk-17\bin;C:\Program Files\MySQL\MySQL Shell 8.0\bin\;C:\Users\lenovo\AppData\Local\Programs\Python\Python311\Scripts\;C:\Users\lenovo\AppData\Local\Programs\Python\Python311\;C:\Users\lenovo\AppData\Local\Microsoft\WindowsApps;;C:\Users\lenovo\AppData\Local\Programs\Microsoft VS Code\bin;C:\Users\lenovo\AppData\Roaming\npm
USERNAME=lenovo
OS=Windows_NT
PROCESSOR_IDENTIFIER=Intel64 Family 6 Model 142 Stepping 12, GenuineIntel
TMP=C:\Users\lenovo\AppData\Local\Temp
TEMP=C:\Users\lenovo\AppData\Local\Temp


JNI global refs:
JNI global refs: 23, weak refs: 0

JNI global refs memory usage: 843, weak refs: 841


---------------  S Y S T E M  ---------------

OS:
 Windows 11 , 64 bit Build 22621 (10.0.22621.2506)
OS uptime: 10 days 11:50 hours

CPU: total 8 (initial active 8) (4 cores per cpu, 2 threads per core) family 6 model 142 stepping 12 microcode 0xde, cx8, cmov, fxsr, ht, mmx, 3dnowpref, sse, sse2, sse3, ssse3, sse4.1, sse4.2, popcnt, lzcnt, tsc, tscinvbit, avx, avx2, aes, erms, clmul, bmi1, bmi2, adx, fma, vzeroupper, clflush, clflushopt

Memory: 4k page, system-wide physical 12121M (299M free)
TotalPageFile size 15918M (AvailPageFile size 2M)
current process WorkingSet (physical memory assigned to process): 185M, peak: 207M
current process commit charge ("private bytes"): 223M, peak: 329M

vm_info: OpenJDK 64-Bit Server VM (17.0.6+0-b2043.56-10027231) for windows-amd64 JRE (17.0.6+0-b2043.56-10027231), built on Apr 28 2023 00:43:19 by "androidbuild" with MS VC++ 16.10 / 16.11 (VS2019)

END.
